<?xml version="1.0" encoding="UTF-8" standalone="yes"?><!DOCTYPE report PUBLIC "-//JACOCO//DTD Report 1.1//EN" "report.dtd"><report name="initialisesession"><sessioninfo id="UK-WXY6WYG4WJ-6bb7786e" start="1669897101789" dump="1669897112968"/><package name="uk/gov/di/ipv/cri/passport/initialisesession"><class name="uk/gov/di/ipv/cri/passport/initialisesession/InitialiseSessionHandler$AjcClosure1" sourcefilename="InitialiseSessionHandler.java"><method name="&lt;init&gt;" desc="([Ljava/lang/Object;)V" line="1"><counter type="INSTRUCTION" missed="0" covered="4"/><counter type="LINE" missed="0" covered="1"/><counter type="COMPLEXITY" missed="0" covered="1"/><counter type="METHOD" missed="0" covered="1"/></method><method name="run" desc="([Ljava/lang/Object;)Ljava/lang/Object;" line="1"><counter type="INSTRUCTION" missed="0" covered="21"/><counter type="LINE" missed="0" covered="1"/><counter type="COMPLEXITY" missed="0" covered="1"/><counter type="METHOD" missed="0" covered="1"/></method><counter type="INSTRUCTION" missed="0" covered="25"/><counter type="LINE" missed="0" covered="1"/><counter type="COMPLEXITY" missed="0" covered="2"/><counter type="METHOD" missed="0" covered="2"/><counter type="CLASS" missed="0" covered="1"/></class><class name="uk/gov/di/ipv/cri/passport/initialisesession/InitialiseSessionHandler" sourcefilename="InitialiseSessionHandler.java"><method name="&lt;init&gt;" desc="(Luk/gov/di/ipv/cri/passport/library/config/ConfigurationService;Luk/gov/di/ipv/cri/passport/library/service/KmsRsaDecrypter;Luk/gov/di/ipv/cri/passport/library/validation/JarValidator;Luk/gov/di/ipv/cri/passport/library/service/AuditService;Luk/gov/di/ipv/cri/passport/library/service/PassportSessionService;Luk/gov/di/ipv/cri/common/library/util/EventProbe;)V" line="66"><counter type="INSTRUCTION" missed="0" covered="21"/><counter type="LINE" missed="0" covered="8"/><counter type="COMPLEXITY" missed="0" covered="1"/><counter type="METHOD" missed="0" covered="1"/></method><method name="handleRequest" desc="(Lcom/amazonaws/services/lambda/runtime/events/APIGatewayProxyRequestEvent;Lcom/amazonaws/services/lambda/runtime/Context;)Lcom/amazonaws/services/lambda/runtime/events/APIGatewayProxyResponseEvent;" line="92"><counter type="INSTRUCTION" missed="3" covered="69"/><counter type="BRANCH" missed="0" covered="2"/><counter type="LINE" missed="0" covered="1"/><counter type="COMPLEXITY" missed="0" covered="2"/><counter type="METHOD" missed="0" covered="1"/></method><method name="generateJarResponse" desc="(Lcom/nimbusds/jwt/JWTClaimsSet;Ljava/lang/String;)Luk/gov/di/ipv/cri/passport/library/domain/JarResponse;" line="155"><counter type="INSTRUCTION" missed="0" covered="8"/><counter type="LINE" missed="0" covered="1"/><counter type="COMPLEXITY" missed="0" covered="1"/><counter type="METHOD" missed="0" covered="1"/></method><method name="&lt;clinit&gt;" desc="()V" line="52"><counter type="INSTRUCTION" missed="0" covered="10"/><counter type="LINE" missed="0" covered="3"/><counter type="COMPLEXITY" missed="0" covered="1"/><counter type="METHOD" missed="0" covered="1"/></method><counter type="INSTRUCTION" missed="3" covered="108"/><counter type="BRANCH" missed="0" covered="2"/><counter type="LINE" missed="0" covered="13"/><counter type="COMPLEXITY" missed="0" covered="5"/><counter type="METHOD" missed="0" covered="4"/><counter type="CLASS" missed="0" covered="1"/></class><class name="uk/gov/di/ipv/cri/passport/initialisesession/InitialiseSessionHandler$AjcClosure3" sourcefilename="InitialiseSessionHandler.java"><method name="&lt;init&gt;" desc="([Ljava/lang/Object;)V" line="1"><counter type="INSTRUCTION" missed="0" covered="4"/><counter type="LINE" missed="0" covered="1"/><counter type="COMPLEXITY" missed="0" covered="1"/><counter type="METHOD" missed="0" covered="1"/></method><method name="run" desc="([Ljava/lang/Object;)Ljava/lang/Object;" line="1"><counter type="INSTRUCTION" missed="0" covered="21"/><counter type="LINE" missed="0" covered="1"/><counter type="COMPLEXITY" missed="0" covered="1"/><counter type="METHOD" missed="0" covered="1"/></method><counter type="INSTRUCTION" missed="0" covered="25"/><counter type="LINE" missed="0" covered="1"/><counter type="COMPLEXITY" missed="0" covered="2"/><counter type="METHOD" missed="0" covered="2"/><counter type="CLASS" missed="0" covered="1"/></class><sourcefile name="InitialiseSessionHandler.java"><line nr="1" mi="0" ci="50" mb="0" cb="0"/><line nr="52" mi="0" ci="2" mb="0" cb="0"/><line nr="53" mi="0" ci="3" mb="0" cb="0"/><line nr="54" mi="0" ci="4" mb="0" cb="0"/><line nr="66" mi="0" ci="2" mb="0" cb="0"/><line nr="67" mi="0" ci="3" mb="0" cb="0"/><line nr="68" mi="0" ci="3" mb="0" cb="0"/><line nr="69" mi="0" ci="3" mb="0" cb="0"/><line nr="70" mi="0" ci="3" mb="0" cb="0"/><line nr="71" mi="0" ci="3" mb="0" cb="0"/><line nr="72" mi="0" ci="3" mb="0" cb="0"/><line nr="73" mi="0" ci="1" mb="0" cb="0"/><line nr="92" mi="3" ci="58" mb="0" cb="2"/><line nr="155" mi="0" ci="8" mb="0" cb="0"/><counter type="INSTRUCTION" missed="3" covered="158"/><counter type="BRANCH" missed="0" covered="2"/><counter type="LINE" missed="0" covered="14"/><counter type="COMPLEXITY" missed="0" covered="9"/><counter type="METHOD" missed="0" covered="8"/><counter type="CLASS" missed="0" covered="3"/></sourcefile><counter type="INSTRUCTION" missed="3" covered="158"/><counter type="BRANCH" missed="0" covered="2"/><counter type="LINE" missed="0" covered="14"/><counter type="COMPLEXITY" missed="0" covered="9"/><counter type="METHOD" missed="0" covered="8"/><counter type="CLASS" missed="0" covered="3"/></package><counter type="INSTRUCTION" missed="3" covered="158"/><counter type="BRANCH" missed="0" covered="2"/><counter type="LINE" missed="0" covered="14"/><counter type="COMPLEXITY" missed="0" covered="9"/><counter type="METHOD" missed="0" covered="8"/><counter type="CLASS" missed="0" covered="3"/></report>