<?xml version="1.0" encoding="UTF-8" standalone="yes"?><!DOCTYPE report PUBLIC "-//JACOCO//DTD Report 1.1//EN" "report.dtd"><report name="buildclientoauthresponse"><sessioninfo id="UK-WXY6WYG4WJ-a6d06fa4" start="1669897067495" dump="1669897076067"/><package name="uk/gov/di/ipv/cri/passport/buildclientoauthresponse"><class name="uk/gov/di/ipv/cri/passport/buildclientoauthresponse/BuildClientOauthResponseHandler$AjcClosure3" sourcefilename="BuildClientOauthResponseHandler.java"><method name="&lt;init&gt;" desc="([Ljava/lang/Object;)V" line="1"><counter type="INSTRUCTION" missed="0" covered="4"/><counter type="LINE" missed="0" covered="1"/><counter type="COMPLEXITY" missed="0" covered="1"/><counter type="METHOD" missed="0" covered="1"/></method><method name="run" desc="([Ljava/lang/Object;)Ljava/lang/Object;" line="1"><counter type="INSTRUCTION" missed="0" covered="21"/><counter type="LINE" missed="0" covered="1"/><counter type="COMPLEXITY" missed="0" covered="1"/><counter type="METHOD" missed="0" covered="1"/></method><counter type="INSTRUCTION" missed="0" covered="25"/><counter type="LINE" missed="0" covered="1"/><counter type="COMPLEXITY" missed="0" covered="2"/><counter type="METHOD" missed="0" covered="2"/><counter type="CLASS" missed="0" covered="1"/></class><class name="uk/gov/di/ipv/cri/passport/buildclientoauthresponse/BuildClientOauthResponseHandler" sourcefilename="BuildClientOauthResponseHandler.java"><method name="&lt;init&gt;" desc="(Luk/gov/di/ipv/cri/passport/library/service/AuthorizationCodeService;Luk/gov/di/ipv/cri/passport/library/service/PassportSessionService;Luk/gov/di/ipv/cri/passport/library/service/AuditService;Luk/gov/di/ipv/cri/passport/library/config/ConfigurationService;Luk/gov/di/ipv/cri/common/library/util/EventProbe;)V" line="54"><counter type="INSTRUCTION" missed="0" covered="18"/><counter type="LINE" missed="0" covered="7"/><counter type="COMPLEXITY" missed="0" covered="1"/><counter type="METHOD" missed="0" covered="1"/></method><method name="&lt;init&gt;" desc="()V" line="62"><counter type="INSTRUCTION" missed="35" covered="0"/><counter type="LINE" missed="8" covered="0"/><counter type="COMPLEXITY" missed="1" covered="0"/><counter type="METHOD" missed="1" covered="0"/></method><method name="handleRequest" desc="(Lcom/amazonaws/services/lambda/runtime/events/APIGatewayProxyRequestEvent;Lcom/amazonaws/services/lambda/runtime/Context;)Lcom/amazonaws/services/lambda/runtime/events/APIGatewayProxyResponseEvent;" line="76"><counter type="INSTRUCTION" missed="3" covered="69"/><counter type="BRANCH" missed="0" covered="2"/><counter type="LINE" missed="0" covered="1"/><counter type="COMPLEXITY" missed="0" covered="2"/><counter type="METHOD" missed="0" covered="1"/></method><method name="generateClientSuccessResponse" desc="(Luk/gov/di/ipv/cri/passport/library/persistence/item/PassportSessionItem;Ljava/lang/String;)Luk/gov/di/ipv/cri/passport/buildclientoauthresponse/domain/ClientResponse;" line="144"><counter type="INSTRUCTION" missed="0" covered="32"/><counter type="BRANCH" missed="0" covered="2"/><counter type="LINE" missed="0" covered="6"/><counter type="COMPLEXITY" missed="0" covered="2"/><counter type="METHOD" missed="0" covered="1"/></method><method name="generateClientErrorResponse" desc="(Luk/gov/di/ipv/cri/passport/library/persistence/item/PassportSessionItem;)Luk/gov/di/ipv/cri/passport/buildclientoauthresponse/domain/ClientResponse;" line="157"><counter type="INSTRUCTION" missed="0" covered="37"/><counter type="BRANCH" missed="1" covered="1"/><counter type="LINE" missed="0" covered="8"/><counter type="COMPLEXITY" missed="1" covered="1"/><counter type="METHOD" missed="0" covered="1"/></method><method name="&lt;clinit&gt;" desc="()V" line="41"><counter type="INSTRUCTION" missed="0" covered="4"/><counter type="LINE" missed="0" covered="1"/><counter type="COMPLEXITY" missed="0" covered="1"/><counter type="METHOD" missed="0" covered="1"/></method><counter type="INSTRUCTION" missed="38" covered="160"/><counter type="BRANCH" missed="1" covered="5"/><counter type="LINE" missed="8" covered="23"/><counter type="COMPLEXITY" missed="2" covered="7"/><counter type="METHOD" missed="1" covered="5"/><counter type="CLASS" missed="0" covered="1"/></class><class name="uk/gov/di/ipv/cri/passport/buildclientoauthresponse/BuildClientOauthResponseHandler$AjcClosure1" sourcefilename="BuildClientOauthResponseHandler.java"><method name="&lt;init&gt;" desc="([Ljava/lang/Object;)V" line="1"><counter type="INSTRUCTION" missed="0" covered="4"/><counter type="LINE" missed="0" covered="1"/><counter type="COMPLEXITY" missed="0" covered="1"/><counter type="METHOD" missed="0" covered="1"/></method><method name="run" desc="([Ljava/lang/Object;)Ljava/lang/Object;" line="1"><counter type="INSTRUCTION" missed="0" covered="21"/><counter type="LINE" missed="0" covered="1"/><counter type="COMPLEXITY" missed="0" covered="1"/><counter type="METHOD" missed="0" covered="1"/></method><counter type="INSTRUCTION" missed="0" covered="25"/><counter type="LINE" missed="0" covered="1"/><counter type="COMPLEXITY" missed="0" covered="2"/><counter type="METHOD" missed="0" covered="2"/><counter type="CLASS" missed="0" covered="1"/></class><sourcefile name="BuildClientOauthResponseHandler.java"><line nr="1" mi="0" ci="50" mb="0" cb="0"/><line nr="41" mi="0" ci="3" mb="0" cb="0"/><line nr="54" mi="0" ci="2" mb="0" cb="0"/><line nr="55" mi="0" ci="3" mb="0" cb="0"/><line nr="56" mi="0" ci="3" mb="0" cb="0"/><line nr="57" mi="0" ci="3" mb="0" cb="0"/><line nr="58" mi="0" ci="3" mb="0" cb="0"/><line nr="59" mi="0" ci="3" mb="0" cb="0"/><line nr="60" mi="0" ci="1" mb="0" cb="0"/><line nr="62" mi="2" ci="0" mb="0" cb="0"/><line nr="63" mi="5" ci="0" mb="0" cb="0"/><line nr="64" mi="7" ci="0" mb="0" cb="0"/><line nr="65" mi="7" ci="0" mb="0" cb="0"/><line nr="66" mi="3" ci="0" mb="0" cb="0"/><line nr="67" mi="5" ci="0" mb="0" cb="0"/><line nr="68" mi="5" ci="0" mb="0" cb="0"/><line nr="69" mi="1" ci="0" mb="0" cb="0"/><line nr="76" mi="3" ci="58" mb="0" cb="2"/><line nr="144" mi="0" ci="3" mb="0" cb="0"/><line nr="145" mi="0" ci="5" mb="0" cb="0"/><line nr="146" mi="0" ci="2" mb="0" cb="0"/><line nr="148" mi="0" ci="5" mb="0" cb="2"/><line nr="149" mi="0" ci="7" mb="0" cb="0"/><line nr="152" mi="0" ci="10" mb="0" cb="0"/><line nr="157" mi="0" ci="3" mb="0" cb="0"/><line nr="158" mi="0" ci="5" mb="0" cb="0"/><line nr="159" mi="0" ci="4" mb="0" cb="0"/><line nr="160" mi="0" ci="2" mb="0" cb="0"/><line nr="161" mi="0" ci="1" mb="0" cb="0"/><line nr="162" mi="0" ci="5" mb="1" cb="1"/><line nr="163" mi="0" ci="7" mb="0" cb="0"/><line nr="166" mi="0" ci="10" mb="0" cb="0"/><counter type="INSTRUCTION" missed="38" covered="210"/><counter type="BRANCH" missed="1" covered="5"/><counter type="LINE" missed="8" covered="24"/><counter type="COMPLEXITY" missed="2" covered="11"/><counter type="METHOD" missed="1" covered="9"/><counter type="CLASS" missed="0" covered="3"/></sourcefile><counter type="INSTRUCTION" missed="38" covered="210"/><counter type="BRANCH" missed="1" covered="5"/><counter type="LINE" missed="8" covered="24"/><counter type="COMPLEXITY" missed="2" covered="11"/><counter type="METHOD" missed="1" covered="9"/><counter type="CLASS" missed="0" covered="3"/></package><package name="uk/gov/di/ipv/cri/passport/buildclientoauthresponse/domain"><class name="uk/gov/di/ipv/cri/passport/buildclientoauthresponse/domain/ClientResponse" sourcefilename="ClientResponse.java"/><class name="uk/gov/di/ipv/cri/passport/buildclientoauthresponse/domain/ClientDetails" sourcefilename="ClientDetails.java"/><sourcefile name="ClientDetails.java"/><sourcefile name="ClientResponse.java"/></package><counter type="INSTRUCTION" missed="38" covered="210"/><counter type="BRANCH" missed="1" covered="5"/><counter type="LINE" missed="8" covered="24"/><counter type="COMPLEXITY" missed="2" covered="11"/><counter type="METHOD" missed="1" covered="9"/><counter type="CLASS" missed="0" covered="3"/></report>