<?xml version="1.0" encoding="UTF-8"?>
<testsuite name="uk.gov.di.ipv.cri.passport.issuecredential.IssueCredentialHandlerTest" tests="9" skipped="0" failures="0" errors="0" timestamp="2022-12-01T12:18:45" hostname="UK-WXY6WYG4WJ" time="5.756">
  <properties/>
  <testcase name="shouldReturnErrorResponseWhenTokenIsMissingBearerPrefix()" classname="uk.gov.di.ipv.cri.passport.issuecredential.IssueCredentialHandlerTest" time="5.092"/>
  <testcase name="shouldReturnErrorResponseWhenTokenIsMissing()" classname="uk.gov.di.ipv.cri.passport.issuecredential.IssueCredentialHandlerTest" time="0.025"/>
  <testcase name="shouldReturnCredentialsOnSuccessfulDcsCredentialRequest()" classname="uk.gov.di.ipv.cri.passport.issuecredential.IssueCredentialHandlerTest" time="0.376"/>
  <testcase name="shouldReturnErrorResponseWhenExpiredAccessTokenProvided()" classname="uk.gov.di.ipv.cri.passport.issuecredential.IssueCredentialHandlerTest" time="0.025"/>
  <testcase name="shouldReturnErrorResponseWhenTokenIsNull()" classname="uk.gov.di.ipv.cri.passport.issuecredential.IssueCredentialHandlerTest" time="0.015"/>
  <testcase name="shouldReturnErrorResponseWhenAccessTokenHasBeenRevoked()" classname="uk.gov.di.ipv.cri.passport.issuecredential.IssueCredentialHandlerTest" time="0.019"/>
  <testcase name="shouldReturn200OnSuccessfulDcsCredentialRequest()" classname="uk.gov.di.ipv.cri.passport.issuecredential.IssueCredentialHandlerTest" time="0.045"/>
  <testcase name="shouldReturn200WhenResourceIdInSessionDcsCredentialRequest()" classname="uk.gov.di.ipv.cri.passport.issuecredential.IssueCredentialHandlerTest" time="0.076"/>
  <testcase name="shouldReturnErrorResponseWhenInvalidAccessTokenProvided()" classname="uk.gov.di.ipv.cri.passport.issuecredential.IssueCredentialHandlerTest" time="0.039"/>
  <system-out><![CDATA[{"timestamp":"2022-12-01T12:18:49.907+0000GMT","instant":{"epochSecond":1669897129,"nanoOfSecond":907851000},"thread":"Test worker","level":"INFO","loggerName":"software.amazon.cloudwatchlogs.emf.environment.AgentBasedEnvironment","message":"Endpoint is not defined. Using default: tcp://127.0.0.1:25888","endOfBatch":false,"loggerFqcn":"org.apache.logging.slf4j.Log4jLogger","threadId":1,"threadPriority":5}
{"timestamp":"2022-12-01T12:18:49.981+0000GMT","instant":{"epochSecond":1669897129,"nanoOfSecond":981499000},"thread":"Test worker","level":"WARN","loggerName":"software.amazon.cloudwatchlogs.emf.environment.AgentBasedEnvironment","message":"Unknown ServiceName.","endOfBatch":false,"loggerFqcn":"org.apache.logging.slf4j.Log4jLogger","threadId":1,"threadPriority":5}
{"timestamp":"2022-12-01T12:18:49.985+0000GMT","instant":{"epochSecond":1669897129,"nanoOfSecond":985260000},"thread":"Test worker","level":"WARN","loggerName":"software.amazon.cloudwatchlogs.emf.environment.AgentBasedEnvironment","message":"Unknown ServiceName.","endOfBatch":false,"loggerFqcn":"org.apache.logging.slf4j.Log4jLogger","threadId":1,"threadPriority":5}
{"timestamp":"2022-12-01T12:18:49.987+0000GMT","instant":{"epochSecond":1669897129,"nanoOfSecond":987473000},"thread":"Test worker","level":"WARN","loggerName":"software.amazon.cloudwatchlogs.emf.environment.AgentBasedEnvironment","message":"Unknown ServiceName.","endOfBatch":false,"loggerFqcn":"org.apache.logging.slf4j.Log4jLogger","threadId":1,"threadPriority":5}
{"timestamp":"2022-12-01T12:18:49.988+0000GMT","instant":{"epochSecond":1669897129,"nanoOfSecond":988202000},"thread":"Test worker","level":"INFO","loggerName":"software.amazon.cloudwatchlogs.emf.environment.DefaultEnvironment","message":"Unknown ServiceType","endOfBatch":false,"loggerFqcn":"org.apache.logging.slf4j.Log4jLogger","threadId":1,"threadPriority":5}
{"timestamp":"2022-12-01T12:18:50.227+0000GMT","instant":{"epochSecond":1669897130,"nanoOfSecond":227758000},"thread":"Test worker","level":"ERROR","loggerName":"software.amazon.cloudwatchlogs.emf.sinks.TCPClient","message":"Failed to connect to the socket due to the exception: ","thrown":{"message":"Connection refused (Connection refused)","name":"java.net.ConnectException","extendedStackTrace":[{"class":"java.net.PlainSocketImpl","method":"socketConnect","file":"PlainSocketImpl.java","line":-2},{"class":"java.net.AbstractPlainSocketImpl","method":"doConnect","file":"AbstractPlainSocketImpl.java","line":399},{"class":"java.net.AbstractPlainSocketImpl","method":"connectToAddress","file":"AbstractPlainSocketImpl.java","line":242},{"class":"java.net.AbstractPlainSocketImpl","method":"connect","file":"AbstractPlainSocketImpl.java","line":224},{"class":"java.net.SocksSocketImpl","method":"connect","file":"SocksSocketImpl.java","line":392},{"class":"java.net.Socket","method":"connect","file":"Socket.java","line":609},{"class":"java.net.Socket","method":"connect","file":"Socket.java","line":558},{"class":"software.amazon.cloudwatchlogs.emf.sinks.TCPClient","method":"connect","file":"TCPClient.java","line":40},{"class":"software.amazon.cloudwatchlogs.emf.sinks.TCPClient","method":"sendMessage","file":"TCPClient.java","line":55},{"class":"software.amazon.cloudwatchlogs.emf.sinks.AgentSink","method":"accept","file":"AgentSink.java","line":52},{"class":"software.amazon.cloudwatchlogs.emf.logger.MetricsLogger","method":"flush","file":"MetricsLogger.java","line":66},{"class":"software.amazon.lambda.powertools.metrics.internal.LambdaMetricsAspect","method":"coldStartSingleMetricIfApplicable","file":"LambdaMetricsAspect.java","line":91},{"class":"software.amazon.lambda.powertools.metrics.internal.LambdaMetricsAspect","method":"ajc$inlineAccessMethod$software_amazon_lambda_powertools_metrics_internal_LambdaMetricsAspect$software_amazon_lambda_powertools_metrics_internal_LambdaMetricsAspect$coldStartSingleMetricIfApplicable","file":"LambdaMetricsAspect.java","line":1},{"class":"software.amazon.lambda.powertools.metrics.internal.LambdaMetricsAspect","method":"around","file":"LambdaMetricsAspect.java","line":60},{"class":"uk.gov.di.ipv.cri.passport.issuecredential.IssueCredentialHandler","method":"handleRequest","file":"IssueCredentialHandler.java","line":112},{"class":"uk.gov.di.ipv.cri.passport.issuecredential.IssueCredentialHandlerTest","method":"shouldReturnErrorResponseWhenTokenIsMissingBearerPrefix","file":"IssueCredentialHandlerTest.java","line":366},{"class":"jdk.internal.reflect.NativeMethodAccessorImpl","method":"invoke0","file":"NativeMethodAccessorImpl.java","line":-2},{"class":"jdk.internal.reflect.NativeMethodAccessorImpl","method":"invoke","file":"NativeMethodAccessorImpl.java","line":62},{"class":"jdk.internal.reflect.DelegatingMethodAccessorImpl","method":"invoke","file":"DelegatingMethodAccessorImpl.java","line":43},{"class":"java.lang.reflect.Method","method":"invoke","file":"Method.java","line":566},{"class":"org.junit.platform.commons.util.ReflectionUtils","method":"invokeMethod","file":"ReflectionUtils.java","line":725},{"class":"org.junit.jupiter.engine.execution.MethodInvocation","method":"proceed","file":"MethodInvocation.java","line":60},{"class":"org.junit.jupiter.engine.execution.InvocationInterceptorChain$ValidatingInvocation","method":"proceed","file":"InvocationInterceptorChain.java","line":131},{"class":"org.junit.jupiter.engine.extension.TimeoutExtension","method":"intercept","file":"TimeoutExtension.java","line":149},{"class":"org.junit.jupiter.engine.extension.TimeoutExtension","method":"interceptTestableMethod","file":"TimeoutExtension.java","line":140},{"class":"org.junit.jupiter.engine.extension.TimeoutExtension","method":"interceptTestMethod","file":"TimeoutExtension.java","line":84},{"class":"org.junit.jupiter.engine.execution.ExecutableInvoker$ReflectiveInterceptorCall","method":"lambda$ofVoidMethod$0","file":"ExecutableInvoker.java","line":115},{"class":"org.junit.jupiter.engine.execution.ExecutableInvoker","method":"lambda$invoke$0","file":"ExecutableInvoker.java","line":105},{"class":"org.junit.jupiter.engine.execution.InvocationInterceptorChain$InterceptedInvocation","method":"proceed","file":"InvocationInterceptorChain.java","line":106},{"class":"org.junit.jupiter.engine.execution.InvocationInterceptorChain","method":"proceed","file":"InvocationInterceptorChain.java","line":64},{"class":"org.junit.jupiter.engine.execution.InvocationInterceptorChain","method":"chainAndInvoke","file":"InvocationInterceptorChain.java","line":45},{"class":"org.junit.jupiter.engine.execution.InvocationInterceptorChain","method":"invoke","file":"InvocationInterceptorChain.java","line":37},{"class":"org.junit.jupiter.engine.execution.ExecutableInvoker","method":"invoke","file":"ExecutableInvoker.java","line":104},{"class":"org.junit.jupiter.engine.execution.ExecutableInvoker","method":"invoke","file":"ExecutableInvoker.java","line":98},{"class":"org.junit.jupiter.engine.descriptor.TestMethodTestDescriptor","method":"lambda$invokeTestMethod$7","file":"TestMethodTestDescriptor.java","line":214},{"class":"org.junit.platform.engine.support.hierarchical.ThrowableCollector","method":"execute","file":"ThrowableCollector.java","line":73},{"class":"org.junit.jupiter.engine.descriptor.TestMethodTestDescriptor","method":"invokeTestMethod","file":"TestMethodTestDescriptor.java","line":210},{"class":"org.junit.jupiter.engine.descriptor.TestMethodTestDescriptor","method":"execute","file":"TestMethodTestDescriptor.java","line":135},{"class":"org.junit.jupiter.engine.descriptor.TestMethodTestDescriptor","method":"execute","file":"TestMethodTestDescriptor.java","line":66},{"class":"org.junit.platform.engine.support.hierarchical.NodeTestTask","method":"lambda$executeRecursively$6","file":"NodeTestTask.java","line":151},{"class":"org.junit.platform.engine.support.hierarchical.ThrowableCollector","method":"execute","file":"ThrowableCollector.java","line":73},{"class":"org.junit.platform.engine.support.hierarchical.NodeTestTask","method":"lambda$executeRecursively$8","file":"NodeTestTask.java","line":141},{"class":"org.junit.platform.engine.support.hierarchical.Node","method":"around","file":"Node.java","line":137},{"class":"org.junit.platform.engine.support.hierarchical.NodeTestTask","method":"lambda$executeRecursively$9","file":"NodeTestTask.java","line":139},{"class":"org.junit.platform.engine.support.hierarchical.ThrowableCollector","method":"execute","file":"ThrowableCollector.java","line":73},{"class":"org.junit.platform.engine.support.hierarchical.NodeTestTask","method":"executeRecursively","file":"NodeTestTask.java","line":138},{"class":"org.junit.platform.engine.support.hierarchical.NodeTestTask","method":"execute","file":"NodeTestTask.java","line":95},{"class":"java.util.ArrayList","method":"forEach","file":"ArrayList.java","line":1541},{"class":"org.junit.platform.engine.support.hierarchical.SameThreadHierarchicalTestExecutorService","method":"invokeAll","file":"SameThreadHierarchicalTestExecutorService.java","line":41},{"class":"org.junit.platform.engine.support.hierarchical.NodeTestTask","method":"lambda$executeRecursively$6","file":"NodeTestTask.java","line":155},{"class":"org.junit.platform.engine.support.hierarchical.ThrowableCollector","method":"execute","file":"ThrowableCollector.java","line":73},{"class":"org.junit.platform.engine.support.hierarchical.NodeTestTask","method":"lambda$executeRecursively$8","file":"NodeTestTask.java","line":141},{"class":"org.junit.platform.engine.support.hierarchical.Node","method":"around","file":"Node.java","line":137},{"class":"org.junit.platform.engine.support.hierarchical.NodeTestTask","method":"lambda$executeRecursively$9","file":"NodeTestTask.java","line":139},{"class":"org.junit.platform.engine.support.hierarchical.ThrowableCollector","method":"execute","file":"ThrowableCollector.java","line":73},{"class":"org.junit.platform.engine.support.hierarchical.NodeTestTask","method":"executeRecursively","file":"NodeTestTask.java","line":138},{"class":"org.junit.platform.engine.support.hierarchical.NodeTestTask","method":"execute","file":"NodeTestTask.java","line":95},{"class":"java.util.ArrayList","method":"forEach","file":"ArrayList.java","line":1541},{"class":"org.junit.platform.engine.support.hierarchical.SameThreadHierarchicalTestExecutorService","method":"invokeAll","file":"SameThreadHierarchicalTestExecutorService.java","line":41},{"class":"org.junit.platform.engine.support.hierarchical.NodeTestTask","method":"lambda$executeRecursively$6","file":"NodeTestTask.java","line":155},{"class":"org.junit.platform.engine.support.hierarchical.ThrowableCollector","method":"execute","file":"ThrowableCollector.java","line":73},{"class":"org.junit.platform.engine.support.hierarchical.NodeTestTask","method":"lambda$executeRecursively$8","file":"NodeTestTask.java","line":141},{"class":"org.junit.platform.engine.support.hierarchical.Node","method":"around","file":"Node.java","line":137},{"class":"org.junit.platform.engine.support.hierarchical.NodeTestTask","method":"lambda$executeRecursively$9","file":"NodeTestTask.java","line":139},{"class":"org.junit.platform.engine.support.hierarchical.ThrowableCollector","method":"execute","file":"ThrowableCollector.java","line":73},{"class":"org.junit.platform.engine.support.hierarchical.NodeTestTask","method":"executeRecursively","file":"NodeTestTask.java","line":138},{"class":"org.junit.platform.engine.support.hierarchical.NodeTestTask","method":"execute","file":"NodeTestTask.java","line":95},{"class":"org.junit.platform.engine.support.hierarchical.SameThreadHierarchicalTestExecutorService","method":"submit","file":"SameThreadHierarchicalTestExecutorService.java","line":35},{"class":"org.junit.platform.engine.support.hierarchical.HierarchicalTestExecutor","method":"execute","file":"HierarchicalTestExecutor.java","line":57},{"class":"org.junit.platform.engine.support.hierarchical.HierarchicalTestEngine","method":"execute","file":"HierarchicalTestEngine.java","line":54},{"class":"org.junit.platform.launcher.core.EngineExecutionOrchestrator","method":"execute","file":"EngineExecutionOrchestrator.java","line":108},{"class":"org.junit.platform.launcher.core.EngineExecutionOrchestrator","method":"execute","file":"EngineExecutionOrchestrator.java","line":88},{"class":"org.junit.platform.launcher.core.EngineExecutionOrchestrator","method":"lambda$execute$0","file":"EngineExecutionOrchestrator.java","line":54},{"class":"org.junit.platform.launcher.core.EngineExecutionOrchestrator","method":"withInterceptedStreams","file":"EngineExecutionOrchestrator.java","line":67},{"class":"org.junit.platform.launcher.core.EngineExecutionOrchestrator","method":"execute","file":"EngineExecutionOrchestrator.java","line":52},{"class":"org.junit.platform.launcher.core.DefaultLauncher","method":"execute","file":"DefaultLauncher.java","line":96},{"class":"org.junit.platform.launcher.core.DefaultLauncher","method":"execute","file":"DefaultLauncher.java","line":75},{"class":"org.gradle.api.internal.tasks.testing.junitplatform.JUnitPlatformTestClassProcessor$CollectAllTestClassesExecutor","method":"processAllTestClasses","file":"JUnitPlatformTestClassProcessor.java","line":99},{"class":"org.gradle.api.internal.tasks.testing.junitplatform.JUnitPlatformTestClassProcessor$CollectAllTestClassesExecutor","method":"access$000","file":"JUnitPlatformTestClassProcessor.java","line":79},{"class":"org.gradle.api.internal.tasks.testing.junitplatform.JUnitPlatformTestClassProcessor","method":"stop","file":"JUnitPlatformTestClassProcessor.java","line":75},{"class":"org.gradle.api.internal.tasks.testing.SuiteTestClassProcessor","method":"stop","file":"SuiteTestClassProcessor.java","line":61},{"class":"jdk.internal.reflect.NativeMethodAccessorImpl","method":"invoke0","file":"NativeMethodAccessorImpl.java","line":-2},{"class":"jdk.internal.reflect.NativeMethodAccessorImpl","method":"invoke","file":"NativeMethodAccessorImpl.java","line":62},{"class":"jdk.internal.reflect.DelegatingMethodAccessorImpl","method":"invoke","file":"DelegatingMethodAccessorImpl.java","line":43},{"class":"java.lang.reflect.Method","method":"invoke","file":"Method.java","line":566},{"class":"org.gradle.internal.dispatch.ReflectionDispatch","method":"dispatch","file":"ReflectionDispatch.java","line":36},{"class":"org.gradle.internal.dispatch.ReflectionDispatch","method":"dispatch","file":"ReflectionDispatch.java","line":24},{"class":"org.gradle.internal.dispatch.ContextClassLoaderDispatch","method":"dispatch","file":"ContextClassLoaderDispatch.java","line":33},{"class":"org.gradle.internal.dispatch.ProxyDispatchAdapter$DispatchingInvocationHandler","method":"invoke","file":"ProxyDispatchAdapter.java","line":94},{"class":"com.sun.proxy.$Proxy5","method":"stop","file":null,"line":-1},{"class":"org.gradle.api.internal.tasks.testing.worker.TestWorker$3","method":"run","file":"TestWorker.java","line":193},{"class":"org.gradle.api.internal.tasks.testing.worker.TestWorker","method":"executeAndMaintainThreadName","file":"TestWorker.java","line":129},{"class":"org.gradle.api.internal.tasks.testing.worker.TestWorker","method":"execute","file":"TestWorker.java","line":100},{"class":"org.gradle.api.internal.tasks.testing.worker.TestWorker","method":"execute","file":"TestWorker.java","line":60},{"class":"org.gradle.process.internal.worker.child.ActionExecutionWorker","method":"execute","file":"ActionExecutionWorker.java","line":56},{"class":"org.gradle.process.internal.worker.child.SystemApplicationClassLoaderWorker","method":"call","file":"SystemApplicationClassLoaderWorker.java","line":133},{"class":"org.gradle.process.internal.worker.child.SystemApplicationClassLoaderWorker","method":"call","file":"SystemApplicationClassLoaderWorker.java","line":71},{"class":"worker.org.gradle.process.internal.worker.GradleWorkerMain","method":"run","file":"GradleWorkerMain.java","line":69},{"class":"worker.org.gradle.process.internal.worker.GradleWorkerMain","method":"main","file":"GradleWorkerMain.java","line":74}]},"endOfBatch":false,"loggerFqcn":"org.apache.logging.slf4j.Log4jLogger","threadId":1,"threadPriority":5}
{"timestamp":"2022-12-01T12:18:50.233+0000GMT","instant":{"epochSecond":1669897130,"nanoOfSecond":233865000},"thread":"Test worker","level":"ERROR","loggerName":"software.amazon.cloudwatchlogs.emf.sinks.TCPClient","message":"Failed to open output stream: ","thrown":{"message":"Socket is not connected","name":"java.net.SocketException","extendedStackTrace":[{"class":"java.net.Socket","method":"getOutputStream","file":"Socket.java","line":964},{"class":"software.amazon.cloudwatchlogs.emf.sinks.TCPClient","method":"sendMessage","file":"TCPClient.java","line":60},{"class":"software.amazon.cloudwatchlogs.emf.sinks.AgentSink","method":"accept","file":"AgentSink.java","line":52},{"class":"software.amazon.cloudwatchlogs.emf.logger.MetricsLogger","method":"flush","file":"MetricsLogger.java","line":66},{"class":"software.amazon.lambda.powertools.metrics.internal.LambdaMetricsAspect","method":"coldStartSingleMetricIfApplicable","file":"LambdaMetricsAspect.java","line":91},{"class":"software.amazon.lambda.powertools.metrics.internal.LambdaMetricsAspect","method":"ajc$inlineAccessMethod$software_amazon_lambda_powertools_metrics_internal_LambdaMetricsAspect$software_amazon_lambda_powertools_metrics_internal_LambdaMetricsAspect$coldStartSingleMetricIfApplicable","file":"LambdaMetricsAspect.java","line":1},{"class":"software.amazon.lambda.powertools.metrics.internal.LambdaMetricsAspect","method":"around","file":"LambdaMetricsAspect.java","line":60},{"class":"uk.gov.di.ipv.cri.passport.issuecredential.IssueCredentialHandler","method":"handleRequest","file":"IssueCredentialHandler.java","line":112},{"class":"uk.gov.di.ipv.cri.passport.issuecredential.IssueCredentialHandlerTest","method":"shouldReturnErrorResponseWhenTokenIsMissingBearerPrefix","file":"IssueCredentialHandlerTest.java","line":366},{"class":"jdk.internal.reflect.NativeMethodAccessorImpl","method":"invoke0","file":"NativeMethodAccessorImpl.java","line":-2},{"class":"jdk.internal.reflect.NativeMethodAccessorImpl","method":"invoke","file":"NativeMethodAccessorImpl.java","line":62},{"class":"jdk.internal.reflect.DelegatingMethodAccessorImpl","method":"invoke","file":"DelegatingMethodAccessorImpl.java","line":43},{"class":"java.lang.reflect.Method","method":"invoke","file":"Method.java","line":566},{"class":"org.junit.platform.commons.util.ReflectionUtils","method":"invokeMethod","file":"ReflectionUtils.java","line":725},{"class":"org.junit.jupiter.engine.execution.MethodInvocation","method":"proceed","file":"MethodInvocation.java","line":60},{"class":"org.junit.jupiter.engine.execution.InvocationInterceptorChain$ValidatingInvocation","method":"proceed","file":"InvocationInterceptorChain.java","line":131},{"class":"org.junit.jupiter.engine.extension.TimeoutExtension","method":"intercept","file":"TimeoutExtension.java","line":149},{"class":"org.junit.jupiter.engine.extension.TimeoutExtension","method":"interceptTestableMethod","file":"TimeoutExtension.java","line":140},{"class":"org.junit.jupiter.engine.extension.TimeoutExtension","method":"interceptTestMethod","file":"TimeoutExtension.java","line":84},{"class":"org.junit.jupiter.engine.execution.ExecutableInvoker$ReflectiveInterceptorCall","method":"lambda$ofVoidMethod$0","file":"ExecutableInvoker.java","line":115},{"class":"org.junit.jupiter.engine.execution.ExecutableInvoker","method":"lambda$invoke$0","file":"ExecutableInvoker.java","line":105},{"class":"org.junit.jupiter.engine.execution.InvocationInterceptorChain$InterceptedInvocation","method":"proceed","file":"InvocationInterceptorChain.java","line":106},{"class":"org.junit.jupiter.engine.execution.InvocationInterceptorChain","method":"proceed","file":"InvocationInterceptorChain.java","line":64},{"class":"org.junit.jupiter.engine.execution.InvocationInterceptorChain","method":"chainAndInvoke","file":"InvocationInterceptorChain.java","line":45},{"class":"org.junit.jupiter.engine.execution.InvocationInterceptorChain","method":"invoke","file":"InvocationInterceptorChain.java","line":37},{"class":"org.junit.jupiter.engine.execution.ExecutableInvoker","method":"invoke","file":"ExecutableInvoker.java","line":104},{"class":"org.junit.jupiter.engine.execution.ExecutableInvoker","method":"invoke","file":"ExecutableInvoker.java","line":98},{"class":"org.junit.jupiter.engine.descriptor.TestMethodTestDescriptor","method":"lambda$invokeTestMethod$7","file":"TestMethodTestDescriptor.java","line":214},{"class":"org.junit.platform.engine.support.hierarchical.ThrowableCollector","method":"execute","file":"ThrowableCollector.java","line":73},{"class":"org.junit.jupiter.engine.descriptor.TestMethodTestDescriptor","method":"invokeTestMethod","file":"TestMethodTestDescriptor.java","line":210},{"class":"org.junit.jupiter.engine.descriptor.TestMethodTestDescriptor","method":"execute","file":"TestMethodTestDescriptor.java","line":135},{"class":"org.junit.jupiter.engine.descriptor.TestMethodTestDescriptor","method":"execute","file":"TestMethodTestDescriptor.java","line":66},{"class":"org.junit.platform.engine.support.hierarchical.NodeTestTask","method":"lambda$executeRecursively$6","file":"NodeTestTask.java","line":151},{"class":"org.junit.platform.engine.support.hierarchical.ThrowableCollector","method":"execute","file":"ThrowableCollector.java","line":73},{"class":"org.junit.platform.engine.support.hierarchical.NodeTestTask","method":"lambda$executeRecursively$8","file":"NodeTestTask.java","line":141},{"class":"org.junit.platform.engine.support.hierarchical.Node","method":"around","file":"Node.java","line":137},{"class":"org.junit.platform.engine.support.hierarchical.NodeTestTask","method":"lambda$executeRecursively$9","file":"NodeTestTask.java","line":139},{"class":"org.junit.platform.engine.support.hierarchical.ThrowableCollector","method":"execute","file":"ThrowableCollector.java","line":73},{"class":"org.junit.platform.engine.support.hierarchical.NodeTestTask","method":"executeRecursively","file":"NodeTestTask.java","line":138},{"class":"org.junit.platform.engine.support.hierarchical.NodeTestTask","method":"execute","file":"NodeTestTask.java","line":95},{"class":"java.util.ArrayList","method":"forEach","file":"ArrayList.java","line":1541},{"class":"org.junit.platform.engine.support.hierarchical.SameThreadHierarchicalTestExecutorService","method":"invokeAll","file":"SameThreadHierarchicalTestExecutorService.java","line":41},{"class":"org.junit.platform.engine.support.hierarchical.NodeTestTask","method":"lambda$executeRecursively$6","file":"NodeTestTask.java","line":155},{"class":"org.junit.platform.engine.support.hierarchical.ThrowableCollector","method":"execute","file":"ThrowableCollector.java","line":73},{"class":"org.junit.platform.engine.support.hierarchical.NodeTestTask","method":"lambda$executeRecursively$8","file":"NodeTestTask.java","line":141},{"class":"org.junit.platform.engine.support.hierarchical.Node","method":"around","file":"Node.java","line":137},{"class":"org.junit.platform.engine.support.hierarchical.NodeTestTask","method":"lambda$executeRecursively$9","file":"NodeTestTask.java","line":139},{"class":"org.junit.platform.engine.support.hierarchical.ThrowableCollector","method":"execute","file":"ThrowableCollector.java","line":73},{"class":"org.junit.platform.engine.support.hierarchical.NodeTestTask","method":"executeRecursively","file":"NodeTestTask.java","line":138},{"class":"org.junit.platform.engine.support.hierarchical.NodeTestTask","method":"execute","file":"NodeTestTask.java","line":95},{"class":"java.util.ArrayList","method":"forEach","file":"ArrayList.java","line":1541},{"class":"org.junit.platform.engine.support.hierarchical.SameThreadHierarchicalTestExecutorService","method":"invokeAll","file":"SameThreadHierarchicalTestExecutorService.java","line":41},{"class":"org.junit.platform.engine.support.hierarchical.NodeTestTask","method":"lambda$executeRecursively$6","file":"NodeTestTask.java","line":155},{"class":"org.junit.platform.engine.support.hierarchical.ThrowableCollector","method":"execute","file":"ThrowableCollector.java","line":73},{"class":"org.junit.platform.engine.support.hierarchical.NodeTestTask","method":"lambda$executeRecursively$8","file":"NodeTestTask.java","line":141},{"class":"org.junit.platform.engine.support.hierarchical.Node","method":"around","file":"Node.java","line":137},{"class":"org.junit.platform.engine.support.hierarchical.NodeTestTask","method":"lambda$executeRecursively$9","file":"NodeTestTask.java","line":139},{"class":"org.junit.platform.engine.support.hierarchical.ThrowableCollector","method":"execute","file":"ThrowableCollector.java","line":73},{"class":"org.junit.platform.engine.support.hierarchical.NodeTestTask","method":"executeRecursively","file":"NodeTestTask.java","line":138},{"class":"org.junit.platform.engine.support.hierarchical.NodeTestTask","method":"execute","file":"NodeTestTask.java","line":95},{"class":"org.junit.platform.engine.support.hierarchical.SameThreadHierarchicalTestExecutorService","method":"submit","file":"SameThreadHierarchicalTestExecutorService.java","line":35},{"class":"org.junit.platform.engine.support.hierarchical.HierarchicalTestExecutor","method":"execute","file":"HierarchicalTestExecutor.java","line":57},{"class":"org.junit.platform.engine.support.hierarchical.HierarchicalTestEngine","method":"execute","file":"HierarchicalTestEngine.java","line":54},{"class":"org.junit.platform.launcher.core.EngineExecutionOrchestrator","method":"execute","file":"EngineExecutionOrchestrator.java","line":108},{"class":"org.junit.platform.launcher.core.EngineExecutionOrchestrator","method":"execute","file":"EngineExecutionOrchestrator.java","line":88},{"class":"org.junit.platform.launcher.core.EngineExecutionOrchestrator","method":"lambda$execute$0","file":"EngineExecutionOrchestrator.java","line":54},{"class":"org.junit.platform.launcher.core.EngineExecutionOrchestrator","method":"withInterceptedStreams","file":"EngineExecutionOrchestrator.java","line":67},{"class":"org.junit.platform.launcher.core.EngineExecutionOrchestrator","method":"execute","file":"EngineExecutionOrchestrator.java","line":52},{"class":"org.junit.platform.launcher.core.DefaultLauncher","method":"execute","file":"DefaultLauncher.java","line":96},{"class":"org.junit.platform.launcher.core.DefaultLauncher","method":"execute","file":"DefaultLauncher.java","line":75},{"class":"org.gradle.api.internal.tasks.testing.junitplatform.JUnitPlatformTestClassProcessor$CollectAllTestClassesExecutor","method":"processAllTestClasses","file":"JUnitPlatformTestClassProcessor.java","line":99},{"class":"org.gradle.api.internal.tasks.testing.junitplatform.JUnitPlatformTestClassProcessor$CollectAllTestClassesExecutor","method":"access$000","file":"JUnitPlatformTestClassProcessor.java","line":79},{"class":"org.gradle.api.internal.tasks.testing.junitplatform.JUnitPlatformTestClassProcessor","method":"stop","file":"JUnitPlatformTestClassProcessor.java","line":75},{"class":"org.gradle.api.internal.tasks.testing.SuiteTestClassProcessor","method":"stop","file":"SuiteTestClassProcessor.java","line":61},{"class":"jdk.internal.reflect.NativeMethodAccessorImpl","method":"invoke0","file":"NativeMethodAccessorImpl.java","line":-2},{"class":"jdk.internal.reflect.NativeMethodAccessorImpl","method":"invoke","file":"NativeMethodAccessorImpl.java","line":62},{"class":"jdk.internal.reflect.DelegatingMethodAccessorImpl","method":"invoke","file":"DelegatingMethodAccessorImpl.java","line":43},{"class":"java.lang.reflect.Method","method":"invoke","file":"Method.java","line":566},{"class":"org.gradle.internal.dispatch.ReflectionDispatch","method":"dispatch","file":"ReflectionDispatch.java","line":36},{"class":"org.gradle.internal.dispatch.ReflectionDispatch","method":"dispatch","file":"ReflectionDispatch.java","line":24},{"class":"org.gradle.internal.dispatch.ContextClassLoaderDispatch","method":"dispatch","file":"ContextClassLoaderDispatch.java","line":33},{"class":"org.gradle.internal.dispatch.ProxyDispatchAdapter$DispatchingInvocationHandler","method":"invoke","file":"ProxyDispatchAdapter.java","line":94},{"class":"com.sun.proxy.$Proxy5","method":"stop","file":null,"line":-1},{"class":"org.gradle.api.internal.tasks.testing.worker.TestWorker$3","method":"run","file":"TestWorker.java","line":193},{"class":"org.gradle.api.internal.tasks.testing.worker.TestWorker","method":"executeAndMaintainThreadName","file":"TestWorker.java","line":129},{"class":"org.gradle.api.internal.tasks.testing.worker.TestWorker","method":"execute","file":"TestWorker.java","line":100},{"class":"org.gradle.api.internal.tasks.testing.worker.TestWorker","method":"execute","file":"TestWorker.java","line":60},{"class":"org.gradle.process.internal.worker.child.ActionExecutionWorker","method":"execute","file":"ActionExecutionWorker.java","line":56},{"class":"org.gradle.process.internal.worker.child.SystemApplicationClassLoaderWorker","method":"call","file":"SystemApplicationClassLoaderWorker.java","line":133},{"class":"org.gradle.process.internal.worker.child.SystemApplicationClassLoaderWorker","method":"call","file":"SystemApplicationClassLoaderWorker.java","line":71},{"class":"worker.org.gradle.process.internal.worker.GradleWorkerMain","method":"run","file":"GradleWorkerMain.java","line":69},{"class":"worker.org.gradle.process.internal.worker.GradleWorkerMain","method":"main","file":"GradleWorkerMain.java","line":74}]},"endOfBatch":false,"loggerFqcn":"org.apache.logging.slf4j.Log4jLogger","threadId":1,"threadPriority":5}
{"timestamp":"2022-12-01T12:18:50.244+0000GMT","instant":{"epochSecond":1669897130,"nanoOfSecond":244241000},"thread":"Test worker","level":"ERROR","loggerName":"software.amazon.cloudwatchlogs.emf.sinks.TCPClient","message":"Failed to connect to the socket due to the exception: ","thrown":{"message":"Socket closed","name":"java.net.SocketException","extendedStackTrace":[{"class":"java.net.PlainSocketImpl","method":"socketConnect","file":"PlainSocketImpl.java","line":-2},{"class":"java.net.AbstractPlainSocketImpl","method":"doConnect","file":"AbstractPlainSocketImpl.java","line":399},{"class":"java.net.AbstractPlainSocketImpl","method":"connectToAddress","file":"AbstractPlainSocketImpl.java","line":242},{"class":"java.net.AbstractPlainSocketImpl","method":"connect","file":"AbstractPlainSocketImpl.java","line":224},{"class":"java.net.SocksSocketImpl","method":"connect","file":"SocksSocketImpl.java","line":392},{"class":"java.net.Socket","method":"connect","file":"Socket.java","line":609},{"class":"java.net.Socket","method":"connect","file":"Socket.java","line":558},{"class":"software.amazon.cloudwatchlogs.emf.sinks.TCPClient","method":"connect","file":"TCPClient.java","line":40},{"class":"software.amazon.cloudwatchlogs.emf.sinks.TCPClient","method":"sendMessage","file":"TCPClient.java","line":63},{"class":"software.amazon.cloudwatchlogs.emf.sinks.AgentSink","method":"accept","file":"AgentSink.java","line":52},{"class":"software.amazon.cloudwatchlogs.emf.logger.MetricsLogger","method":"flush","file":"MetricsLogger.java","line":66},{"class":"software.amazon.lambda.powertools.metrics.internal.LambdaMetricsAspect","method":"coldStartSingleMetricIfApplicable","file":"LambdaMetricsAspect.java","line":91},{"class":"software.amazon.lambda.powertools.metrics.internal.LambdaMetricsAspect","method":"ajc$inlineAccessMethod$software_amazon_lambda_powertools_metrics_internal_LambdaMetricsAspect$software_amazon_lambda_powertools_metrics_internal_LambdaMetricsAspect$coldStartSingleMetricIfApplicable","file":"LambdaMetricsAspect.java","line":1},{"class":"software.amazon.lambda.powertools.metrics.internal.LambdaMetricsAspect","method":"around","file":"LambdaMetricsAspect.java","line":60},{"class":"uk.gov.di.ipv.cri.passport.issuecredential.IssueCredentialHandler","method":"handleRequest","file":"IssueCredentialHandler.java","line":112},{"class":"uk.gov.di.ipv.cri.passport.issuecredential.IssueCredentialHandlerTest","method":"shouldReturnErrorResponseWhenTokenIsMissingBearerPrefix","file":"IssueCredentialHandlerTest.java","line":366},{"class":"jdk.internal.reflect.NativeMethodAccessorImpl","method":"invoke0","file":"NativeMethodAccessorImpl.java","line":-2},{"class":"jdk.internal.reflect.NativeMethodAccessorImpl","method":"invoke","file":"NativeMethodAccessorImpl.java","line":62},{"class":"jdk.internal.reflect.DelegatingMethodAccessorImpl","method":"invoke","file":"DelegatingMethodAccessorImpl.java","line":43},{"class":"java.lang.reflect.Method","method":"invoke","file":"Method.java","line":566},{"class":"org.junit.platform.commons.util.ReflectionUtils","method":"invokeMethod","file":"ReflectionUtils.java","line":725},{"class":"org.junit.jupiter.engine.execution.MethodInvocation","method":"proceed","file":"MethodInvocation.java","line":60},{"class":"org.junit.jupiter.engine.execution.InvocationInterceptorChain$ValidatingInvocation","method":"proceed","file":"InvocationInterceptorChain.java","line":131},{"class":"org.junit.jupiter.engine.extension.TimeoutExtension","method":"intercept","file":"TimeoutExtension.java","line":149},{"class":"org.junit.jupiter.engine.extension.TimeoutExtension","method":"interceptTestableMethod","file":"TimeoutExtension.java","line":140},{"class":"org.junit.jupiter.engine.extension.TimeoutExtension","method":"interceptTestMethod","file":"TimeoutExtension.java","line":84},{"class":"org.junit.jupiter.engine.execution.ExecutableInvoker$ReflectiveInterceptorCall","method":"lambda$ofVoidMethod$0","file":"ExecutableInvoker.java","line":115},{"class":"org.junit.jupiter.engine.execution.ExecutableInvoker","method":"lambda$invoke$0","file":"ExecutableInvoker.java","line":105},{"class":"org.junit.jupiter.engine.execution.InvocationInterceptorChain$InterceptedInvocation","method":"proceed","file":"InvocationInterceptorChain.java","line":106},{"class":"org.junit.jupiter.engine.execution.InvocationInterceptorChain","method":"proceed","file":"InvocationInterceptorChain.java","line":64},{"class":"org.junit.jupiter.engine.execution.InvocationInterceptorChain","method":"chainAndInvoke","file":"InvocationInterceptorChain.java","line":45},{"class":"org.junit.jupiter.engine.execution.InvocationInterceptorChain","method":"invoke","file":"InvocationInterceptorChain.java","line":37},{"class":"org.junit.jupiter.engine.execution.ExecutableInvoker","method":"invoke","file":"ExecutableInvoker.java","line":104},{"class":"org.junit.jupiter.engine.execution.ExecutableInvoker","method":"invoke","file":"ExecutableInvoker.java","line":98},{"class":"org.junit.jupiter.engine.descriptor.TestMethodTestDescriptor","method":"lambda$invokeTestMethod$7","file":"TestMethodTestDescriptor.java","line":214},{"class":"org.junit.platform.engine.support.hierarchical.ThrowableCollector","method":"execute","file":"ThrowableCollector.java","line":73},{"class":"org.junit.jupiter.engine.descriptor.TestMethodTestDescriptor","method":"invokeTestMethod","file":"TestMethodTestDescriptor.java","line":210},{"class":"org.junit.jupiter.engine.descriptor.TestMethodTestDescriptor","method":"execute","file":"TestMethodTestDescriptor.java","line":135},{"class":"org.junit.jupiter.engine.descriptor.TestMethodTestDescriptor","method":"execute","file":"TestMethodTestDescriptor.java","line":66},{"class":"org.junit.platform.engine.support.hierarchical.NodeTestTask","method":"lambda$executeRecursively$6","file":"NodeTestTask.java","line":151},{"class":"org.junit.platform.engine.support.hierarchical.ThrowableCollector","method":"execute","file":"ThrowableCollector.java","line":73},{"class":"org.junit.platform.engine.support.hierarchical.NodeTestTask","method":"lambda$executeRecursively$8","file":"NodeTestTask.java","line":141},{"class":"org.junit.platform.engine.support.hierarchical.Node","method":"around","file":"Node.java","line":137},{"class":"org.junit.platform.engine.support.hierarchical.NodeTestTask","method":"lambda$executeRecursively$9","file":"NodeTestTask.java","line":139},{"class":"org.junit.platform.engine.support.hierarchical.ThrowableCollector","method":"execute","file":"ThrowableCollector.java","line":73},{"class":"org.junit.platform.engine.support.hierarchical.NodeTestTask","method":"executeRecursively","file":"NodeTestTask.java","line":138},{"class":"org.junit.platform.engine.support.hierarchical.NodeTestTask","method":"execute","file":"NodeTestTask.java","line":95},{"class":"java.util.ArrayList","method":"forEach","file":"ArrayList.java","line":1541},{"class":"org.junit.platform.engine.support.hierarchical.SameThreadHierarchicalTestExecutorService","method":"invokeAll","file":"SameThreadHierarchicalTestExecutorService.java","line":41},{"class":"org.junit.platform.engine.support.hierarchical.NodeTestTask","method":"lambda$executeRecursively$6","file":"NodeTestTask.java","line":155},{"class":"org.junit.platform.engine.support.hierarchical.ThrowableCollector","method":"execute","file":"ThrowableCollector.java","line":73},{"class":"org.junit.platform.engine.support.hierarchical.NodeTestTask","method":"lambda$executeRecursively$8","file":"NodeTestTask.java","line":141},{"class":"org.junit.platform.engine.support.hierarchical.Node","method":"around","file":"Node.java","line":137},{"class":"org.junit.platform.engine.support.hierarchical.NodeTestTask","method":"lambda$executeRecursively$9","file":"NodeTestTask.java","line":139},{"class":"org.junit.platform.engine.support.hierarchical.ThrowableCollector","method":"execute","file":"ThrowableCollector.java","line":73},{"class":"org.junit.platform.engine.support.hierarchical.NodeTestTask","method":"executeRecursively","file":"NodeTestTask.java","line":138},{"class":"org.junit.platform.engine.support.hierarchical.NodeTestTask","method":"execute","file":"NodeTestTask.java","line":95},{"class":"java.util.ArrayList","method":"forEach","file":"ArrayList.java","line":1541},{"class":"org.junit.platform.engine.support.hierarchical.SameThreadHierarchicalTestExecutorService","method":"invokeAll","file":"SameThreadHierarchicalTestExecutorService.java","line":41},{"class":"org.junit.platform.engine.support.hierarchical.NodeTestTask","method":"lambda$executeRecursively$6","file":"NodeTestTask.java","line":155},{"class":"org.junit.platform.engine.support.hierarchical.ThrowableCollector","method":"execute","file":"ThrowableCollector.java","line":73},{"class":"org.junit.platform.engine.support.hierarchical.NodeTestTask","method":"lambda$executeRecursively$8","file":"NodeTestTask.java","line":141},{"class":"org.junit.platform.engine.support.hierarchical.Node","method":"around","file":"Node.java","line":137},{"class":"org.junit.platform.engine.support.hierarchical.NodeTestTask","method":"lambda$executeRecursively$9","file":"NodeTestTask.java","line":139},{"class":"org.junit.platform.engine.support.hierarchical.ThrowableCollector","method":"execute","file":"ThrowableCollector.java","line":73},{"class":"org.junit.platform.engine.support.hierarchical.NodeTestTask","method":"executeRecursively","file":"NodeTestTask.java","line":138},{"class":"org.junit.platform.engine.support.hierarchical.NodeTestTask","method":"execute","file":"NodeTestTask.java","line":95},{"class":"org.junit.platform.engine.support.hierarchical.SameThreadHierarchicalTestExecutorService","method":"submit","file":"SameThreadHierarchicalTestExecutorService.java","line":35},{"class":"org.junit.platform.engine.support.hierarchical.HierarchicalTestExecutor","method":"execute","file":"HierarchicalTestExecutor.java","line":57},{"class":"org.junit.platform.engine.support.hierarchical.HierarchicalTestEngine","method":"execute","file":"HierarchicalTestEngine.java","line":54},{"class":"org.junit.platform.launcher.core.EngineExecutionOrchestrator","method":"execute","file":"EngineExecutionOrchestrator.java","line":108},{"class":"org.junit.platform.launcher.core.EngineExecutionOrchestrator","method":"execute","file":"EngineExecutionOrchestrator.java","line":88},{"class":"org.junit.platform.launcher.core.EngineExecutionOrchestrator","method":"lambda$execute$0","file":"EngineExecutionOrchestrator.java","line":54},{"class":"org.junit.platform.launcher.core.EngineExecutionOrchestrator","method":"withInterceptedStreams","file":"EngineExecutionOrchestrator.java","line":67},{"class":"org.junit.platform.launcher.core.EngineExecutionOrchestrator","method":"execute","file":"EngineExecutionOrchestrator.java","line":52},{"class":"org.junit.platform.launcher.core.DefaultLauncher","method":"execute","file":"DefaultLauncher.java","line":96},{"class":"org.junit.platform.launcher.core.DefaultLauncher","method":"execute","file":"DefaultLauncher.java","line":75},{"class":"org.gradle.api.internal.tasks.testing.junitplatform.JUnitPlatformTestClassProcessor$CollectAllTestClassesExecutor","method":"processAllTestClasses","file":"JUnitPlatformTestClassProcessor.java","line":99},{"class":"org.gradle.api.internal.tasks.testing.junitplatform.JUnitPlatformTestClassProcessor$CollectAllTestClassesExecutor","method":"access$000","file":"JUnitPlatformTestClassProcessor.java","line":79},{"class":"org.gradle.api.internal.tasks.testing.junitplatform.JUnitPlatformTestClassProcessor","method":"stop","file":"JUnitPlatformTestClassProcessor.java","line":75},{"class":"org.gradle.api.internal.tasks.testing.SuiteTestClassProcessor","method":"stop","file":"SuiteTestClassProcessor.java","line":61},{"class":"jdk.internal.reflect.NativeMethodAccessorImpl","method":"invoke0","file":"NativeMethodAccessorImpl.java","line":-2},{"class":"jdk.internal.reflect.NativeMethodAccessorImpl","method":"invoke","file":"NativeMethodAccessorImpl.java","line":62},{"class":"jdk.internal.reflect.DelegatingMethodAccessorImpl","method":"invoke","file":"DelegatingMethodAccessorImpl.java","line":43},{"class":"java.lang.reflect.Method","method":"invoke","file":"Method.java","line":566},{"class":"org.gradle.internal.dispatch.ReflectionDispatch","method":"dispatch","file":"ReflectionDispatch.java","line":36},{"class":"org.gradle.internal.dispatch.ReflectionDispatch","method":"dispatch","file":"ReflectionDispatch.java","line":24},{"class":"org.gradle.internal.dispatch.ContextClassLoaderDispatch","method":"dispatch","file":"ContextClassLoaderDispatch.java","line":33},{"class":"org.gradle.internal.dispatch.ProxyDispatchAdapter$DispatchingInvocationHandler","method":"invoke","file":"ProxyDispatchAdapter.java","line":94},{"class":"com.sun.proxy.$Proxy5","method":"stop","file":null,"line":-1},{"class":"org.gradle.api.internal.tasks.testing.worker.TestWorker$3","method":"run","file":"TestWorker.java","line":193},{"class":"org.gradle.api.internal.tasks.testing.worker.TestWorker","method":"executeAndMaintainThreadName","file":"TestWorker.java","line":129},{"class":"org.gradle.api.internal.tasks.testing.worker.TestWorker","method":"execute","file":"TestWorker.java","line":100},{"class":"org.gradle.api.internal.tasks.testing.worker.TestWorker","method":"execute","file":"TestWorker.java","line":60},{"class":"org.gradle.process.internal.worker.child.ActionExecutionWorker","method":"execute","file":"ActionExecutionWorker.java","line":56},{"class":"org.gradle.process.internal.worker.child.SystemApplicationClassLoaderWorker","method":"call","file":"SystemApplicationClassLoaderWorker.java","line":133},{"class":"org.gradle.process.internal.worker.child.SystemApplicationClassLoaderWorker","method":"call","file":"SystemApplicationClassLoaderWorker.java","line":71},{"class":"worker.org.gradle.process.internal.worker.GradleWorkerMain","method":"run","file":"GradleWorkerMain.java","line":69},{"class":"worker.org.gradle.process.internal.worker.GradleWorkerMain","method":"main","file":"GradleWorkerMain.java","line":74}]},"endOfBatch":false,"loggerFqcn":"org.apache.logging.slf4j.Log4jLogger","threadId":1,"threadPriority":5}
{"timestamp":"2022-12-01T12:18:50.336+0000GMT","instant":{"epochSecond":1669897130,"nanoOfSecond":336828000},"thread":"Test worker","level":"INFO","loggerName":"uk.gov.di.ipv.cri.passport.library.helpers.LogHelper","message":"COMPONENT_ID_LOG_FIELD attached to logs","endOfBatch":false,"loggerFqcn":"org.apache.logging.log4j.spi.AbstractLogger","threadId":1,"threadPriority":5,"coldStart":"true","componentId":"passport-cri","functionArn":null,"functionMemorySize":"0","functionName":null,"functionVersion":null,"function_request_id":"null","samplingRate":"0.0","service":"service_undefined"}
{"timestamp":"2022-12-01T12:18:50.355+0000GMT","instant":{"epochSecond":1669897130,"nanoOfSecond":355719000},"thread":"Test worker","level":"ERROR","loggerName":"uk.gov.di.ipv.cri.passport.issuecredential.IssueCredentialHandler","message":"Failed to parse access token","endOfBatch":false,"loggerFqcn":"org.apache.logging.log4j.spi.AbstractLogger","threadId":1,"threadPriority":5,"coldStart":"true","componentId":"passport-cri","functionArn":null,"functionMemorySize":"0","functionName":null,"functionVersion":null,"function_request_id":"null","samplingRate":"0.0","service":"service_undefined"}
{"timestamp":"2022-12-01T12:18:50.373+0000GMT","instant":{"epochSecond":1669897130,"nanoOfSecond":373589000},"thread":"Test worker","level":"INFO","loggerName":"software.amazon.cloudwatchlogs.emf.environment.AgentBasedEnvironment","message":"Endpoint is not defined. Using default: tcp://127.0.0.1:25888","endOfBatch":false,"loggerFqcn":"org.apache.logging.slf4j.Log4jLogger","threadId":1,"threadPriority":5}
{"timestamp":"2022-12-01T12:18:50.374+0000GMT","instant":{"epochSecond":1669897130,"nanoOfSecond":374072000},"thread":"Test worker","level":"WARN","loggerName":"software.amazon.cloudwatchlogs.emf.environment.AgentBasedEnvironment","message":"Unknown ServiceName.","endOfBatch":false,"loggerFqcn":"org.apache.logging.slf4j.Log4jLogger","threadId":1,"threadPriority":5}
{"timestamp":"2022-12-01T12:18:50.374+0000GMT","instant":{"epochSecond":1669897130,"nanoOfSecond":374528000},"thread":"Test worker","level":"WARN","loggerName":"software.amazon.cloudwatchlogs.emf.environment.AgentBasedEnvironment","message":"Unknown ServiceName.","endOfBatch":false,"loggerFqcn":"org.apache.logging.slf4j.Log4jLogger","threadId":1,"threadPriority":5}
{"timestamp":"2022-12-01T12:18:50.375+0000GMT","instant":{"epochSecond":1669897130,"nanoOfSecond":375244000},"thread":"Test worker","level":"WARN","loggerName":"software.amazon.cloudwatchlogs.emf.environment.AgentBasedEnvironment","message":"Unknown ServiceName.","endOfBatch":false,"loggerFqcn":"org.apache.logging.slf4j.Log4jLogger","threadId":1,"threadPriority":5}
{"timestamp":"2022-12-01T12:18:50.375+0000GMT","instant":{"epochSecond":1669897130,"nanoOfSecond":375452000},"thread":"Test worker","level":"INFO","loggerName":"software.amazon.cloudwatchlogs.emf.environment.DefaultEnvironment","message":"Unknown ServiceType","endOfBatch":false,"loggerFqcn":"org.apache.logging.slf4j.Log4jLogger","threadId":1,"threadPriority":5}
{"timestamp":"2022-12-01T12:18:50.376+0000GMT","instant":{"epochSecond":1669897130,"nanoOfSecond":376243000},"thread":"Test worker","level":"ERROR","loggerName":"software.amazon.cloudwatchlogs.emf.sinks.TCPClient","message":"Failed to connect to the socket due to the exception: ","thrown":{"message":"Connection refused (Connection refused)","name":"java.net.ConnectException","extendedStackTrace":[{"class":"java.net.PlainSocketImpl","method":"socketConnect","file":"PlainSocketImpl.java","line":-2},{"class":"java.net.AbstractPlainSocketImpl","method":"doConnect","file":"AbstractPlainSocketImpl.java","line":399},{"class":"java.net.AbstractPlainSocketImpl","method":"connectToAddress","file":"AbstractPlainSocketImpl.java","line":242},{"class":"java.net.AbstractPlainSocketImpl","method":"connect","file":"AbstractPlainSocketImpl.java","line":224},{"class":"java.net.SocksSocketImpl","method":"connect","file":"SocksSocketImpl.java","line":392},{"class":"java.net.Socket","method":"connect","file":"Socket.java","line":609},{"class":"java.net.Socket","method":"connect","file":"Socket.java","line":558},{"class":"software.amazon.cloudwatchlogs.emf.sinks.TCPClient","method":"connect","file":"TCPClient.java","line":40},{"class":"software.amazon.cloudwatchlogs.emf.sinks.TCPClient","method":"sendMessage","file":"TCPClient.java","line":55},{"class":"software.amazon.cloudwatchlogs.emf.sinks.AgentSink","method":"accept","file":"AgentSink.java","line":52},{"class":"software.amazon.cloudwatchlogs.emf.logger.MetricsLogger","method":"flush","file":"MetricsLogger.java","line":66},{"class":"software.amazon.lambda.powertools.metrics.internal.LambdaMetricsAspect","method":"around","file":"LambdaMetricsAspect.java","line":73},{"class":"uk.gov.di.ipv.cri.passport.issuecredential.IssueCredentialHandler","method":"handleRequest","file":"IssueCredentialHandler.java","line":112},{"class":"uk.gov.di.ipv.cri.passport.issuecredential.IssueCredentialHandlerTest","method":"shouldReturnErrorResponseWhenTokenIsMissingBearerPrefix","file":"IssueCredentialHandlerTest.java","line":366},{"class":"jdk.internal.reflect.NativeMethodAccessorImpl","method":"invoke0","file":"NativeMethodAccessorImpl.java","line":-2},{"class":"jdk.internal.reflect.NativeMethodAccessorImpl","method":"invoke","file":"NativeMethodAccessorImpl.java","line":62},{"class":"jdk.internal.reflect.DelegatingMethodAccessorImpl","method":"invoke","file":"DelegatingMethodAccessorImpl.java","line":43},{"class":"java.lang.reflect.Method","method":"invoke","file":"Method.java","line":566},{"class":"org.junit.platform.commons.util.ReflectionUtils","method":"invokeMethod","file":"ReflectionUtils.java","line":725},{"class":"org.junit.jupiter.engine.execution.MethodInvocation","method":"proceed","file":"MethodInvocation.java","line":60},{"class":"org.junit.jupiter.engine.execution.InvocationInterceptorChain$ValidatingInvocation","method":"proceed","file":"InvocationInterceptorChain.java","line":131},{"class":"org.junit.jupiter.engine.extension.TimeoutExtension","method":"intercept","file":"TimeoutExtension.java","line":149},{"class":"org.junit.jupiter.engine.extension.TimeoutExtension","method":"interceptTestableMethod","file":"TimeoutExtension.java","line":140},{"class":"org.junit.jupiter.engine.extension.TimeoutExtension","method":"interceptTestMethod","file":"TimeoutExtension.java","line":84},{"class":"org.junit.jupiter.engine.execution.ExecutableInvoker$ReflectiveInterceptorCall","method":"lambda$ofVoidMethod$0","file":"ExecutableInvoker.java","line":115},{"class":"org.junit.jupiter.engine.execution.ExecutableInvoker","method":"lambda$invoke$0","file":"ExecutableInvoker.java","line":105},{"class":"org.junit.jupiter.engine.execution.InvocationInterceptorChain$InterceptedInvocation","method":"proceed","file":"InvocationInterceptorChain.java","line":106},{"class":"org.junit.jupiter.engine.execution.InvocationInterceptorChain","method":"proceed","file":"InvocationInterceptorChain.java","line":64},{"class":"org.junit.jupiter.engine.execution.InvocationInterceptorChain","method":"chainAndInvoke","file":"InvocationInterceptorChain.java","line":45},{"class":"org.junit.jupiter.engine.execution.InvocationInterceptorChain","method":"invoke","file":"InvocationInterceptorChain.java","line":37},{"class":"org.junit.jupiter.engine.execution.ExecutableInvoker","method":"invoke","file":"ExecutableInvoker.java","line":104},{"class":"org.junit.jupiter.engine.execution.ExecutableInvoker","method":"invoke","file":"ExecutableInvoker.java","line":98},{"class":"org.junit.jupiter.engine.descriptor.TestMethodTestDescriptor","method":"lambda$invokeTestMethod$7","file":"TestMethodTestDescriptor.java","line":214},{"class":"org.junit.platform.engine.support.hierarchical.ThrowableCollector","method":"execute","file":"ThrowableCollector.java","line":73},{"class":"org.junit.jupiter.engine.descriptor.TestMethodTestDescriptor","method":"invokeTestMethod","file":"TestMethodTestDescriptor.java","line":210},{"class":"org.junit.jupiter.engine.descriptor.TestMethodTestDescriptor","method":"execute","file":"TestMethodTestDescriptor.java","line":135},{"class":"org.junit.jupiter.engine.descriptor.TestMethodTestDescriptor","method":"execute","file":"TestMethodTestDescriptor.java","line":66},{"class":"org.junit.platform.engine.support.hierarchical.NodeTestTask","method":"lambda$executeRecursively$6","file":"NodeTestTask.java","line":151},{"class":"org.junit.platform.engine.support.hierarchical.ThrowableCollector","method":"execute","file":"ThrowableCollector.java","line":73},{"class":"org.junit.platform.engine.support.hierarchical.NodeTestTask","method":"lambda$executeRecursively$8","file":"NodeTestTask.java","line":141},{"class":"org.junit.platform.engine.support.hierarchical.Node","method":"around","file":"Node.java","line":137},{"class":"org.junit.platform.engine.support.hierarchical.NodeTestTask","method":"lambda$executeRecursively$9","file":"NodeTestTask.java","line":139},{"class":"org.junit.platform.engine.support.hierarchical.ThrowableCollector","method":"execute","file":"ThrowableCollector.java","line":73},{"class":"org.junit.platform.engine.support.hierarchical.NodeTestTask","method":"executeRecursively","file":"NodeTestTask.java","line":138},{"class":"org.junit.platform.engine.support.hierarchical.NodeTestTask","method":"execute","file":"NodeTestTask.java","line":95},{"class":"java.util.ArrayList","method":"forEach","file":"ArrayList.java","line":1541},{"class":"org.junit.platform.engine.support.hierarchical.SameThreadHierarchicalTestExecutorService","method":"invokeAll","file":"SameThreadHierarchicalTestExecutorService.java","line":41},{"class":"org.junit.platform.engine.support.hierarchical.NodeTestTask","method":"lambda$executeRecursively$6","file":"NodeTestTask.java","line":155},{"class":"org.junit.platform.engine.support.hierarchical.ThrowableCollector","method":"execute","file":"ThrowableCollector.java","line":73},{"class":"org.junit.platform.engine.support.hierarchical.NodeTestTask","method":"lambda$executeRecursively$8","file":"NodeTestTask.java","line":141},{"class":"org.junit.platform.engine.support.hierarchical.Node","method":"around","file":"Node.java","line":137},{"class":"org.junit.platform.engine.support.hierarchical.NodeTestTask","method":"lambda$executeRecursively$9","file":"NodeTestTask.java","line":139},{"class":"org.junit.platform.engine.support.hierarchical.ThrowableCollector","method":"execute","file":"ThrowableCollector.java","line":73},{"class":"org.junit.platform.engine.support.hierarchical.NodeTestTask","method":"executeRecursively","file":"NodeTestTask.java","line":138},{"class":"org.junit.platform.engine.support.hierarchical.NodeTestTask","method":"execute","file":"NodeTestTask.java","line":95},{"class":"java.util.ArrayList","method":"forEach","file":"ArrayList.java","line":1541},{"class":"org.junit.platform.engine.support.hierarchical.SameThreadHierarchicalTestExecutorService","method":"invokeAll","file":"SameThreadHierarchicalTestExecutorService.java","line":41},{"class":"org.junit.platform.engine.support.hierarchical.NodeTestTask","method":"lambda$executeRecursively$6","file":"NodeTestTask.java","line":155},{"class":"org.junit.platform.engine.support.hierarchical.ThrowableCollector","method":"execute","file":"ThrowableCollector.java","line":73},{"class":"org.junit.platform.engine.support.hierarchical.NodeTestTask","method":"lambda$executeRecursively$8","file":"NodeTestTask.java","line":141},{"class":"org.junit.platform.engine.support.hierarchical.Node","method":"around","file":"Node.java","line":137},{"class":"org.junit.platform.engine.support.hierarchical.NodeTestTask","method":"lambda$executeRecursively$9","file":"NodeTestTask.java","line":139},{"class":"org.junit.platform.engine.support.hierarchical.ThrowableCollector","method":"execute","file":"ThrowableCollector.java","line":73},{"class":"org.junit.platform.engine.support.hierarchical.NodeTestTask","method":"executeRecursively","file":"NodeTestTask.java","line":138},{"class":"org.junit.platform.engine.support.hierarchical.NodeTestTask","method":"execute","file":"NodeTestTask.java","line":95},{"class":"org.junit.platform.engine.support.hierarchical.SameThreadHierarchicalTestExecutorService","method":"submit","file":"SameThreadHierarchicalTestExecutorService.java","line":35},{"class":"org.junit.platform.engine.support.hierarchical.HierarchicalTestExecutor","method":"execute","file":"HierarchicalTestExecutor.java","line":57},{"class":"org.junit.platform.engine.support.hierarchical.HierarchicalTestEngine","method":"execute","file":"HierarchicalTestEngine.java","line":54},{"class":"org.junit.platform.launcher.core.EngineExecutionOrchestrator","method":"execute","file":"EngineExecutionOrchestrator.java","line":108},{"class":"org.junit.platform.launcher.core.EngineExecutionOrchestrator","method":"execute","file":"EngineExecutionOrchestrator.java","line":88},{"class":"org.junit.platform.launcher.core.EngineExecutionOrchestrator","method":"lambda$execute$0","file":"EngineExecutionOrchestrator.java","line":54},{"class":"org.junit.platform.launcher.core.EngineExecutionOrchestrator","method":"withInterceptedStreams","file":"EngineExecutionOrchestrator.java","line":67},{"class":"org.junit.platform.launcher.core.EngineExecutionOrchestrator","method":"execute","file":"EngineExecutionOrchestrator.java","line":52},{"class":"org.junit.platform.launcher.core.DefaultLauncher","method":"execute","file":"DefaultLauncher.java","line":96},{"class":"org.junit.platform.launcher.core.DefaultLauncher","method":"execute","file":"DefaultLauncher.java","line":75},{"class":"org.gradle.api.internal.tasks.testing.junitplatform.JUnitPlatformTestClassProcessor$CollectAllTestClassesExecutor","method":"processAllTestClasses","file":"JUnitPlatformTestClassProcessor.java","line":99},{"class":"org.gradle.api.internal.tasks.testing.junitplatform.JUnitPlatformTestClassProcessor$CollectAllTestClassesExecutor","method":"access$000","file":"JUnitPlatformTestClassProcessor.java","line":79},{"class":"org.gradle.api.internal.tasks.testing.junitplatform.JUnitPlatformTestClassProcessor","method":"stop","file":"JUnitPlatformTestClassProcessor.java","line":75},{"class":"org.gradle.api.internal.tasks.testing.SuiteTestClassProcessor","method":"stop","file":"SuiteTestClassProcessor.java","line":61},{"class":"jdk.internal.reflect.NativeMethodAccessorImpl","method":"invoke0","file":"NativeMethodAccessorImpl.java","line":-2},{"class":"jdk.internal.reflect.NativeMethodAccessorImpl","method":"invoke","file":"NativeMethodAccessorImpl.java","line":62},{"class":"jdk.internal.reflect.DelegatingMethodAccessorImpl","method":"invoke","file":"DelegatingMethodAccessorImpl.java","line":43},{"class":"java.lang.reflect.Method","method":"invoke","file":"Method.java","line":566},{"class":"org.gradle.internal.dispatch.ReflectionDispatch","method":"dispatch","file":"ReflectionDispatch.java","line":36},{"class":"org.gradle.internal.dispatch.ReflectionDispatch","method":"dispatch","file":"ReflectionDispatch.java","line":24},{"class":"org.gradle.internal.dispatch.ContextClassLoaderDispatch","method":"dispatch","file":"ContextClassLoaderDispatch.java","line":33},{"class":"org.gradle.internal.dispatch.ProxyDispatchAdapter$DispatchingInvocationHandler","method":"invoke","file":"ProxyDispatchAdapter.java","line":94},{"class":"com.sun.proxy.$Proxy5","method":"stop","file":null,"line":-1},{"class":"org.gradle.api.internal.tasks.testing.worker.TestWorker$3","method":"run","file":"TestWorker.java","line":193},{"class":"org.gradle.api.internal.tasks.testing.worker.TestWorker","method":"executeAndMaintainThreadName","file":"TestWorker.java","line":129},{"class":"org.gradle.api.internal.tasks.testing.worker.TestWorker","method":"execute","file":"TestWorker.java","line":100},{"class":"org.gradle.api.internal.tasks.testing.worker.TestWorker","method":"execute","file":"TestWorker.java","line":60},{"class":"org.gradle.process.internal.worker.child.ActionExecutionWorker","method":"execute","file":"ActionExecutionWorker.java","line":56},{"class":"org.gradle.process.internal.worker.child.SystemApplicationClassLoaderWorker","method":"call","file":"SystemApplicationClassLoaderWorker.java","line":133},{"class":"org.gradle.process.internal.worker.child.SystemApplicationClassLoaderWorker","method":"call","file":"SystemApplicationClassLoaderWorker.java","line":71},{"class":"worker.org.gradle.process.internal.worker.GradleWorkerMain","method":"run","file":"GradleWorkerMain.java","line":69},{"class":"worker.org.gradle.process.internal.worker.GradleWorkerMain","method":"main","file":"GradleWorkerMain.java","line":74}]},"endOfBatch":false,"loggerFqcn":"org.apache.logging.slf4j.Log4jLogger","threadId":1,"threadPriority":5}
{"timestamp":"2022-12-01T12:18:50.379+0000GMT","instant":{"epochSecond":1669897130,"nanoOfSecond":379156000},"thread":"Test worker","level":"ERROR","loggerName":"software.amazon.cloudwatchlogs.emf.sinks.TCPClient","message":"Failed to open output stream: ","thrown":{"message":"Socket is not connected","name":"java.net.SocketException","extendedStackTrace":[{"class":"java.net.Socket","method":"getOutputStream","file":"Socket.java","line":964},{"class":"software.amazon.cloudwatchlogs.emf.sinks.TCPClient","method":"sendMessage","file":"TCPClient.java","line":60},{"class":"software.amazon.cloudwatchlogs.emf.sinks.AgentSink","method":"accept","file":"AgentSink.java","line":52},{"class":"software.amazon.cloudwatchlogs.emf.logger.MetricsLogger","method":"flush","file":"MetricsLogger.java","line":66},{"class":"software.amazon.lambda.powertools.metrics.internal.LambdaMetricsAspect","method":"around","file":"LambdaMetricsAspect.java","line":73},{"class":"uk.gov.di.ipv.cri.passport.issuecredential.IssueCredentialHandler","method":"handleRequest","file":"IssueCredentialHandler.java","line":112},{"class":"uk.gov.di.ipv.cri.passport.issuecredential.IssueCredentialHandlerTest","method":"shouldReturnErrorResponseWhenTokenIsMissingBearerPrefix","file":"IssueCredentialHandlerTest.java","line":366},{"class":"jdk.internal.reflect.NativeMethodAccessorImpl","method":"invoke0","file":"NativeMethodAccessorImpl.java","line":-2},{"class":"jdk.internal.reflect.NativeMethodAccessorImpl","method":"invoke","file":"NativeMethodAccessorImpl.java","line":62},{"class":"jdk.internal.reflect.DelegatingMethodAccessorImpl","method":"invoke","file":"DelegatingMethodAccessorImpl.java","line":43},{"class":"java.lang.reflect.Method","method":"invoke","file":"Method.java","line":566},{"class":"org.junit.platform.commons.util.ReflectionUtils","method":"invokeMethod","file":"ReflectionUtils.java","line":725},{"class":"org.junit.jupiter.engine.execution.MethodInvocation","method":"proceed","file":"MethodInvocation.java","line":60},{"class":"org.junit.jupiter.engine.execution.InvocationInterceptorChain$ValidatingInvocation","method":"proceed","file":"InvocationInterceptorChain.java","line":131},{"class":"org.junit.jupiter.engine.extension.TimeoutExtension","method":"intercept","file":"TimeoutExtension.java","line":149},{"class":"org.junit.jupiter.engine.extension.TimeoutExtension","method":"interceptTestableMethod","file":"TimeoutExtension.java","line":140},{"class":"org.junit.jupiter.engine.extension.TimeoutExtension","method":"interceptTestMethod","file":"TimeoutExtension.java","line":84},{"class":"org.junit.jupiter.engine.execution.ExecutableInvoker$ReflectiveInterceptorCall","method":"lambda$ofVoidMethod$0","file":"ExecutableInvoker.java","line":115},{"class":"org.junit.jupiter.engine.execution.ExecutableInvoker","method":"lambda$invoke$0","file":"ExecutableInvoker.java","line":105},{"class":"org.junit.jupiter.engine.execution.InvocationInterceptorChain$InterceptedInvocation","method":"proceed","file":"InvocationInterceptorChain.java","line":106},{"class":"org.junit.jupiter.engine.execution.InvocationInterceptorChain","method":"proceed","file":"InvocationInterceptorChain.java","line":64},{"class":"org.junit.jupiter.engine.execution.InvocationInterceptorChain","method":"chainAndInvoke","file":"InvocationInterceptorChain.java","line":45},{"class":"org.junit.jupiter.engine.execution.InvocationInterceptorChain","method":"invoke","file":"InvocationInterceptorChain.java","line":37},{"class":"org.junit.jupiter.engine.execution.ExecutableInvoker","method":"invoke","file":"ExecutableInvoker.java","line":104},{"class":"org.junit.jupiter.engine.execution.ExecutableInvoker","method":"invoke","file":"ExecutableInvoker.java","line":98},{"class":"org.junit.jupiter.engine.descriptor.TestMethodTestDescriptor","method":"lambda$invokeTestMethod$7","file":"TestMethodTestDescriptor.java","line":214},{"class":"org.junit.platform.engine.support.hierarchical.ThrowableCollector","method":"execute","file":"ThrowableCollector.java","line":73},{"class":"org.junit.jupiter.engine.descriptor.TestMethodTestDescriptor","method":"invokeTestMethod","file":"TestMethodTestDescriptor.java","line":210},{"class":"org.junit.jupiter.engine.descriptor.TestMethodTestDescriptor","method":"execute","file":"TestMethodTestDescriptor.java","line":135},{"class":"org.junit.jupiter.engine.descriptor.TestMethodTestDescriptor","method":"execute","file":"TestMethodTestDescriptor.java","line":66},{"class":"org.junit.platform.engine.support.hierarchical.NodeTestTask","method":"lambda$executeRecursively$6","file":"NodeTestTask.java","line":151},{"class":"org.junit.platform.engine.support.hierarchical.ThrowableCollector","method":"execute","file":"ThrowableCollector.java","line":73},{"class":"org.junit.platform.engine.support.hierarchical.NodeTestTask","method":"lambda$executeRecursively$8","file":"NodeTestTask.java","line":141},{"class":"org.junit.platform.engine.support.hierarchical.Node","method":"around","file":"Node.java","line":137},{"class":"org.junit.platform.engine.support.hierarchical.NodeTestTask","method":"lambda$executeRecursively$9","file":"NodeTestTask.java","line":139},{"class":"org.junit.platform.engine.support.hierarchical.ThrowableCollector","method":"execute","file":"ThrowableCollector.java","line":73},{"class":"org.junit.platform.engine.support.hierarchical.NodeTestTask","method":"executeRecursively","file":"NodeTestTask.java","line":138},{"class":"org.junit.platform.engine.support.hierarchical.NodeTestTask","method":"execute","file":"NodeTestTask.java","line":95},{"class":"java.util.ArrayList","method":"forEach","file":"ArrayList.java","line":1541},{"class":"org.junit.platform.engine.support.hierarchical.SameThreadHierarchicalTestExecutorService","method":"invokeAll","file":"SameThreadHierarchicalTestExecutorService.java","line":41},{"class":"org.junit.platform.engine.support.hierarchical.NodeTestTask","method":"lambda$executeRecursively$6","file":"NodeTestTask.java","line":155},{"class":"org.junit.platform.engine.support.hierarchical.ThrowableCollector","method":"execute","file":"ThrowableCollector.java","line":73},{"class":"org.junit.platform.engine.support.hierarchical.NodeTestTask","method":"lambda$executeRecursively$8","file":"NodeTestTask.java","line":141},{"class":"org.junit.platform.engine.support.hierarchical.Node","method":"around","file":"Node.java","line":137},{"class":"org.junit.platform.engine.support.hierarchical.NodeTestTask","method":"lambda$executeRecursively$9","file":"NodeTestTask.java","line":139},{"class":"org.junit.platform.engine.support.hierarchical.ThrowableCollector","method":"execute","file":"ThrowableCollector.java","line":73},{"class":"org.junit.platform.engine.support.hierarchical.NodeTestTask","method":"executeRecursively","file":"NodeTestTask.java","line":138},{"class":"org.junit.platform.engine.support.hierarchical.NodeTestTask","method":"execute","file":"NodeTestTask.java","line":95},{"class":"java.util.ArrayList","method":"forEach","file":"ArrayList.java","line":1541},{"class":"org.junit.platform.engine.support.hierarchical.SameThreadHierarchicalTestExecutorService","method":"invokeAll","file":"SameThreadHierarchicalTestExecutorService.java","line":41},{"class":"org.junit.platform.engine.support.hierarchical.NodeTestTask","method":"lambda$executeRecursively$6","file":"NodeTestTask.java","line":155},{"class":"org.junit.platform.engine.support.hierarchical.ThrowableCollector","method":"execute","file":"ThrowableCollector.java","line":73},{"class":"org.junit.platform.engine.support.hierarchical.NodeTestTask","method":"lambda$executeRecursively$8","file":"NodeTestTask.java","line":141},{"class":"org.junit.platform.engine.support.hierarchical.Node","method":"around","file":"Node.java","line":137},{"class":"org.junit.platform.engine.support.hierarchical.NodeTestTask","method":"lambda$executeRecursively$9","file":"NodeTestTask.java","line":139},{"class":"org.junit.platform.engine.support.hierarchical.ThrowableCollector","method":"execute","file":"ThrowableCollector.java","line":73},{"class":"org.junit.platform.engine.support.hierarchical.NodeTestTask","method":"executeRecursively","file":"NodeTestTask.java","line":138},{"class":"org.junit.platform.engine.support.hierarchical.NodeTestTask","method":"execute","file":"NodeTestTask.java","line":95},{"class":"org.junit.platform.engine.support.hierarchical.SameThreadHierarchicalTestExecutorService","method":"submit","file":"SameThreadHierarchicalTestExecutorService.java","line":35},{"class":"org.junit.platform.engine.support.hierarchical.HierarchicalTestExecutor","method":"execute","file":"HierarchicalTestExecutor.java","line":57},{"class":"org.junit.platform.engine.support.hierarchical.HierarchicalTestEngine","method":"execute","file":"HierarchicalTestEngine.java","line":54},{"class":"org.junit.platform.launcher.core.EngineExecutionOrchestrator","method":"execute","file":"EngineExecutionOrchestrator.java","line":108},{"class":"org.junit.platform.launcher.core.EngineExecutionOrchestrator","method":"execute","file":"EngineExecutionOrchestrator.java","line":88},{"class":"org.junit.platform.launcher.core.EngineExecutionOrchestrator","method":"lambda$execute$0","file":"EngineExecutionOrchestrator.java","line":54},{"class":"org.junit.platform.launcher.core.EngineExecutionOrchestrator","method":"withInterceptedStreams","file":"EngineExecutionOrchestrator.java","line":67},{"class":"org.junit.platform.launcher.core.EngineExecutionOrchestrator","method":"execute","file":"EngineExecutionOrchestrator.java","line":52},{"class":"org.junit.platform.launcher.core.DefaultLauncher","method":"execute","file":"DefaultLauncher.java","line":96},{"class":"org.junit.platform.launcher.core.DefaultLauncher","method":"execute","file":"DefaultLauncher.java","line":75},{"class":"org.gradle.api.internal.tasks.testing.junitplatform.JUnitPlatformTestClassProcessor$CollectAllTestClassesExecutor","method":"processAllTestClasses","file":"JUnitPlatformTestClassProcessor.java","line":99},{"class":"org.gradle.api.internal.tasks.testing.junitplatform.JUnitPlatformTestClassProcessor$CollectAllTestClassesExecutor","method":"access$000","file":"JUnitPlatformTestClassProcessor.java","line":79},{"class":"org.gradle.api.internal.tasks.testing.junitplatform.JUnitPlatformTestClassProcessor","method":"stop","file":"JUnitPlatformTestClassProcessor.java","line":75},{"class":"org.gradle.api.internal.tasks.testing.SuiteTestClassProcessor","method":"stop","file":"SuiteTestClassProcessor.java","line":61},{"class":"jdk.internal.reflect.NativeMethodAccessorImpl","method":"invoke0","file":"NativeMethodAccessorImpl.java","line":-2},{"class":"jdk.internal.reflect.NativeMethodAccessorImpl","method":"invoke","file":"NativeMethodAccessorImpl.java","line":62},{"class":"jdk.internal.reflect.DelegatingMethodAccessorImpl","method":"invoke","file":"DelegatingMethodAccessorImpl.java","line":43},{"class":"java.lang.reflect.Method","method":"invoke","file":"Method.java","line":566},{"class":"org.gradle.internal.dispatch.ReflectionDispatch","method":"dispatch","file":"ReflectionDispatch.java","line":36},{"class":"org.gradle.internal.dispatch.ReflectionDispatch","method":"dispatch","file":"ReflectionDispatch.java","line":24},{"class":"org.gradle.internal.dispatch.ContextClassLoaderDispatch","method":"dispatch","file":"ContextClassLoaderDispatch.java","line":33},{"class":"org.gradle.internal.dispatch.ProxyDispatchAdapter$DispatchingInvocationHandler","method":"invoke","file":"ProxyDispatchAdapter.java","line":94},{"class":"com.sun.proxy.$Proxy5","method":"stop","file":null,"line":-1},{"class":"org.gradle.api.internal.tasks.testing.worker.TestWorker$3","method":"run","file":"TestWorker.java","line":193},{"class":"org.gradle.api.internal.tasks.testing.worker.TestWorker","method":"executeAndMaintainThreadName","file":"TestWorker.java","line":129},{"class":"org.gradle.api.internal.tasks.testing.worker.TestWorker","method":"execute","file":"TestWorker.java","line":100},{"class":"org.gradle.api.internal.tasks.testing.worker.TestWorker","method":"execute","file":"TestWorker.java","line":60},{"class":"org.gradle.process.internal.worker.child.ActionExecutionWorker","method":"execute","file":"ActionExecutionWorker.java","line":56},{"class":"org.gradle.process.internal.worker.child.SystemApplicationClassLoaderWorker","method":"call","file":"SystemApplicationClassLoaderWorker.java","line":133},{"class":"org.gradle.process.internal.worker.child.SystemApplicationClassLoaderWorker","method":"call","file":"SystemApplicationClassLoaderWorker.java","line":71},{"class":"worker.org.gradle.process.internal.worker.GradleWorkerMain","method":"run","file":"GradleWorkerMain.java","line":69},{"class":"worker.org.gradle.process.internal.worker.GradleWorkerMain","method":"main","file":"GradleWorkerMain.java","line":74}]},"endOfBatch":false,"loggerFqcn":"org.apache.logging.slf4j.Log4jLogger","threadId":1,"threadPriority":5}
{"timestamp":"2022-12-01T12:18:50.390+0000GMT","instant":{"epochSecond":1669897130,"nanoOfSecond":390227000},"thread":"Test worker","level":"ERROR","loggerName":"software.amazon.cloudwatchlogs.emf.sinks.TCPClient","message":"Failed to connect to the socket due to the exception: ","thrown":{"message":"Socket closed","name":"java.net.SocketException","extendedStackTrace":[{"class":"java.net.PlainSocketImpl","method":"socketConnect","file":"PlainSocketImpl.java","line":-2},{"class":"java.net.AbstractPlainSocketImpl","method":"doConnect","file":"AbstractPlainSocketImpl.java","line":399},{"class":"java.net.AbstractPlainSocketImpl","method":"connectToAddress","file":"AbstractPlainSocketImpl.java","line":242},{"class":"java.net.AbstractPlainSocketImpl","method":"connect","file":"AbstractPlainSocketImpl.java","line":224},{"class":"java.net.SocksSocketImpl","method":"connect","file":"SocksSocketImpl.java","line":392},{"class":"java.net.Socket","method":"connect","file":"Socket.java","line":609},{"class":"java.net.Socket","method":"connect","file":"Socket.java","line":558},{"class":"software.amazon.cloudwatchlogs.emf.sinks.TCPClient","method":"connect","file":"TCPClient.java","line":40},{"class":"software.amazon.cloudwatchlogs.emf.sinks.TCPClient","method":"sendMessage","file":"TCPClient.java","line":63},{"class":"software.amazon.cloudwatchlogs.emf.sinks.AgentSink","method":"accept","file":"AgentSink.java","line":52},{"class":"software.amazon.cloudwatchlogs.emf.logger.MetricsLogger","method":"flush","file":"MetricsLogger.java","line":66},{"class":"software.amazon.lambda.powertools.metrics.internal.LambdaMetricsAspect","method":"around","file":"LambdaMetricsAspect.java","line":73},{"class":"uk.gov.di.ipv.cri.passport.issuecredential.IssueCredentialHandler","method":"handleRequest","file":"IssueCredentialHandler.java","line":112},{"class":"uk.gov.di.ipv.cri.passport.issuecredential.IssueCredentialHandlerTest","method":"shouldReturnErrorResponseWhenTokenIsMissingBearerPrefix","file":"IssueCredentialHandlerTest.java","line":366},{"class":"jdk.internal.reflect.NativeMethodAccessorImpl","method":"invoke0","file":"NativeMethodAccessorImpl.java","line":-2},{"class":"jdk.internal.reflect.NativeMethodAccessorImpl","method":"invoke","file":"NativeMethodAccessorImpl.java","line":62},{"class":"jdk.internal.reflect.DelegatingMethodAccessorImpl","method":"invoke","file":"DelegatingMethodAccessorImpl.java","line":43},{"class":"java.lang.reflect.Method","method":"invoke","file":"Method.java","line":566},{"class":"org.junit.platform.commons.util.ReflectionUtils","method":"invokeMethod","file":"ReflectionUtils.java","line":725},{"class":"org.junit.jupiter.engine.execution.MethodInvocation","method":"proceed","file":"MethodInvocation.java","line":60},{"class":"org.junit.jupiter.engine.execution.InvocationInterceptorChain$ValidatingInvocation","method":"proceed","file":"InvocationInterceptorChain.java","line":131},{"class":"org.junit.jupiter.engine.extension.TimeoutExtension","method":"intercept","file":"TimeoutExtension.java","line":149},{"class":"org.junit.jupiter.engine.extension.TimeoutExtension","method":"interceptTestableMethod","file":"TimeoutExtension.java","line":140},{"class":"org.junit.jupiter.engine.extension.TimeoutExtension","method":"interceptTestMethod","file":"TimeoutExtension.java","line":84},{"class":"org.junit.jupiter.engine.execution.ExecutableInvoker$ReflectiveInterceptorCall","method":"lambda$ofVoidMethod$0","file":"ExecutableInvoker.java","line":115},{"class":"org.junit.jupiter.engine.execution.ExecutableInvoker","method":"lambda$invoke$0","file":"ExecutableInvoker.java","line":105},{"class":"org.junit.jupiter.engine.execution.InvocationInterceptorChain$InterceptedInvocation","method":"proceed","file":"InvocationInterceptorChain.java","line":106},{"class":"org.junit.jupiter.engine.execution.InvocationInterceptorChain","method":"proceed","file":"InvocationInterceptorChain.java","line":64},{"class":"org.junit.jupiter.engine.execution.InvocationInterceptorChain","method":"chainAndInvoke","file":"InvocationInterceptorChain.java","line":45},{"class":"org.junit.jupiter.engine.execution.InvocationInterceptorChain","method":"invoke","file":"InvocationInterceptorChain.java","line":37},{"class":"org.junit.jupiter.engine.execution.ExecutableInvoker","method":"invoke","file":"ExecutableInvoker.java","line":104},{"class":"org.junit.jupiter.engine.execution.ExecutableInvoker","method":"invoke","file":"ExecutableInvoker.java","line":98},{"class":"org.junit.jupiter.engine.descriptor.TestMethodTestDescripto
[...]
al.NodeTestTask","method":"executeRecursively","file":"NodeTestTask.java","line":138},{"class":"org.junit.platform.engine.support.hierarchical.NodeTestTask","method":"execute","file":"NodeTestTask.java","line":95},{"class":"java.util.ArrayList","method":"forEach","file":"ArrayList.java","line":1541},{"class":"org.junit.platform.engine.support.hierarchical.SameThreadHierarchicalTestExecutorService","method":"invokeAll","file":"SameThreadHierarchicalTestExecutorService.java","line":41},{"class":"org.junit.platform.engine.support.hierarchical.NodeTestTask","method":"lambda$executeRecursively$6","file":"NodeTestTask.java","line":155},{"class":"org.junit.platform.engine.support.hierarchical.ThrowableCollector","method":"execute","file":"ThrowableCollector.java","line":73},{"class":"org.junit.platform.engine.support.hierarchical.NodeTestTask","method":"lambda$executeRecursively$8","file":"NodeTestTask.java","line":141},{"class":"org.junit.platform.engine.support.hierarchical.Node","method":"around","file":"Node.java","line":137},{"class":"org.junit.platform.engine.support.hierarchical.NodeTestTask","method":"lambda$executeRecursively$9","file":"NodeTestTask.java","line":139},{"class":"org.junit.platform.engine.support.hierarchical.ThrowableCollector","method":"execute","file":"ThrowableCollector.java","line":73},{"class":"org.junit.platform.engine.support.hierarchical.NodeTestTask","method":"executeRecursively","file":"NodeTestTask.java","line":138},{"class":"org.junit.platform.engine.support.hierarchical.NodeTestTask","method":"execute","file":"NodeTestTask.java","line":95},{"class":"org.junit.platform.engine.support.hierarchical.SameThreadHierarchicalTestExecutorService","method":"submit","file":"SameThreadHierarchicalTestExecutorService.java","line":35},{"class":"org.junit.platform.engine.support.hierarchical.HierarchicalTestExecutor","method":"execute","file":"HierarchicalTestExecutor.java","line":57},{"class":"org.junit.platform.engine.support.hierarchical.HierarchicalTestEngine","method":"execute","file":"HierarchicalTestEngine.java","line":54},{"class":"org.junit.platform.launcher.core.EngineExecutionOrchestrator","method":"execute","file":"EngineExecutionOrchestrator.java","line":108},{"class":"org.junit.platform.launcher.core.EngineExecutionOrchestrator","method":"execute","file":"EngineExecutionOrchestrator.java","line":88},{"class":"org.junit.platform.launcher.core.EngineExecutionOrchestrator","method":"lambda$execute$0","file":"EngineExecutionOrchestrator.java","line":54},{"class":"org.junit.platform.launcher.core.EngineExecutionOrchestrator","method":"withInterceptedStreams","file":"EngineExecutionOrchestrator.java","line":67},{"class":"org.junit.platform.launcher.core.EngineExecutionOrchestrator","method":"execute","file":"EngineExecutionOrchestrator.java","line":52},{"class":"org.junit.platform.launcher.core.DefaultLauncher","method":"execute","file":"DefaultLauncher.java","line":96},{"class":"org.junit.platform.launcher.core.DefaultLauncher","method":"execute","file":"DefaultLauncher.java","line":75},{"class":"org.gradle.api.internal.tasks.testing.junitplatform.JUnitPlatformTestClassProcessor$CollectAllTestClassesExecutor","method":"processAllTestClasses","file":"JUnitPlatformTestClassProcessor.java","line":99},{"class":"org.gradle.api.internal.tasks.testing.junitplatform.JUnitPlatformTestClassProcessor$CollectAllTestClassesExecutor","method":"access$000","file":"JUnitPlatformTestClassProcessor.java","line":79},{"class":"org.gradle.api.internal.tasks.testing.junitplatform.JUnitPlatformTestClassProcessor","method":"stop","file":"JUnitPlatformTestClassProcessor.java","line":75},{"class":"org.gradle.api.internal.tasks.testing.SuiteTestClassProcessor","method":"stop","file":"SuiteTestClassProcessor.java","line":61},{"class":"jdk.internal.reflect.NativeMethodAccessorImpl","method":"invoke0","file":"NativeMethodAccessorImpl.java","line":-2},{"class":"jdk.internal.reflect.NativeMethodAccessorImpl","method":"invoke","file":"NativeMethodAccessorImpl.java","line":62},{"class":"jdk.internal.reflect.DelegatingMethodAccessorImpl","method":"invoke","file":"DelegatingMethodAccessorImpl.java","line":43},{"class":"java.lang.reflect.Method","method":"invoke","file":"Method.java","line":566},{"class":"org.gradle.internal.dispatch.ReflectionDispatch","method":"dispatch","file":"ReflectionDispatch.java","line":36},{"class":"org.gradle.internal.dispatch.ReflectionDispatch","method":"dispatch","file":"ReflectionDispatch.java","line":24},{"class":"org.gradle.internal.dispatch.ContextClassLoaderDispatch","method":"dispatch","file":"ContextClassLoaderDispatch.java","line":33},{"class":"org.gradle.internal.dispatch.ProxyDispatchAdapter$DispatchingInvocationHandler","method":"invoke","file":"ProxyDispatchAdapter.java","line":94},{"class":"com.sun.proxy.$Proxy5","method":"stop","file":null,"line":-1},{"class":"org.gradle.api.internal.tasks.testing.worker.TestWorker$3","method":"run","file":"TestWorker.java","line":193},{"class":"org.gradle.api.internal.tasks.testing.worker.TestWorker","method":"executeAndMaintainThreadName","file":"TestWorker.java","line":129},{"class":"org.gradle.api.internal.tasks.testing.worker.TestWorker","method":"execute","file":"TestWorker.java","line":100},{"class":"org.gradle.api.internal.tasks.testing.worker.TestWorker","method":"execute","file":"TestWorker.java","line":60},{"class":"org.gradle.process.internal.worker.child.ActionExecutionWorker","method":"execute","file":"ActionExecutionWorker.java","line":56},{"class":"org.gradle.process.internal.worker.child.SystemApplicationClassLoaderWorker","method":"call","file":"SystemApplicationClassLoaderWorker.java","line":133},{"class":"org.gradle.process.internal.worker.child.SystemApplicationClassLoaderWorker","method":"call","file":"SystemApplicationClassLoaderWorker.java","line":71},{"class":"worker.org.gradle.process.internal.worker.GradleWorkerMain","method":"run","file":"GradleWorkerMain.java","line":69},{"class":"worker.org.gradle.process.internal.worker.GradleWorkerMain","method":"main","file":"GradleWorkerMain.java","line":74}]},"endOfBatch":false,"loggerFqcn":"org.apache.logging.slf4j.Log4jLogger","threadId":1,"threadPriority":5}
{"timestamp":"2022-12-01T12:18:51.108+0000GMT","instant":{"epochSecond":1669897131,"nanoOfSecond":108995000},"thread":"Test worker","level":"ERROR","loggerName":"software.amazon.cloudwatchlogs.emf.sinks.TCPClient","message":"Failed to connect to the socket due to the exception: ","thrown":{"message":"Socket closed","name":"java.net.SocketException","extendedStackTrace":[{"class":"java.net.PlainSocketImpl","method":"socketConnect","file":"PlainSocketImpl.java","line":-2},{"class":"java.net.AbstractPlainSocketImpl","method":"doConnect","file":"AbstractPlainSocketImpl.java","line":399},{"class":"java.net.AbstractPlainSocketImpl","method":"connectToAddress","file":"AbstractPlainSocketImpl.java","line":242},{"class":"java.net.AbstractPlainSocketImpl","method":"connect","file":"AbstractPlainSocketImpl.java","line":224},{"class":"java.net.SocksSocketImpl","method":"connect","file":"SocksSocketImpl.java","line":392},{"class":"java.net.Socket","method":"connect","file":"Socket.java","line":609},{"class":"java.net.Socket","method":"connect","file":"Socket.java","line":558},{"class":"software.amazon.cloudwatchlogs.emf.sinks.TCPClient","method":"connect","file":"TCPClient.java","line":40},{"class":"software.amazon.cloudwatchlogs.emf.sinks.TCPClient","method":"sendMessage","file":"TCPClient.java","line":63},{"class":"software.amazon.cloudwatchlogs.emf.sinks.AgentSink","method":"accept","file":"AgentSink.java","line":52},{"class":"software.amazon.cloudwatchlogs.emf.logger.MetricsLogger","method":"flush","file":"MetricsLogger.java","line":66},{"class":"software.amazon.lambda.powertools.metrics.internal.LambdaMetricsAspect","method":"around","file":"LambdaMetricsAspect.java","line":73},{"class":"uk.gov.di.ipv.cri.passport.issuecredential.IssueCredentialHandler","method":"handleRequest","file":"IssueCredentialHandler.java","line":112},{"class":"uk.gov.di.ipv.cri.passport.issuecredential.IssueCredentialHandlerTest","method":"shouldReturnErrorResponseWhenInvalidAccessTokenProvided","file":"IssueCredentialHandlerTest.java","line":413},{"class":"jdk.internal.reflect.NativeMethodAccessorImpl","method":"invoke0","file":"NativeMethodAccessorImpl.java","line":-2},{"class":"jdk.internal.reflect.NativeMethodAccessorImpl","method":"invoke","file":"NativeMethodAccessorImpl.java","line":62},{"class":"jdk.internal.reflect.DelegatingMethodAccessorImpl","method":"invoke","file":"DelegatingMethodAccessorImpl.java","line":43},{"class":"java.lang.reflect.Method","method":"invoke","file":"Method.java","line":566},{"class":"org.junit.platform.commons.util.ReflectionUtils","method":"invokeMethod","file":"ReflectionUtils.java","line":725},{"class":"org.junit.jupiter.engine.execution.MethodInvocation","method":"proceed","file":"MethodInvocation.java","line":60},{"class":"org.junit.jupiter.engine.execution.InvocationInterceptorChain$ValidatingInvocation","method":"proceed","file":"InvocationInterceptorChain.java","line":131},{"class":"org.junit.jupiter.engine.extension.TimeoutExtension","method":"intercept","file":"TimeoutExtension.java","line":149},{"class":"org.junit.jupiter.engine.extension.TimeoutExtension","method":"interceptTestableMethod","file":"TimeoutExtension.java","line":140},{"class":"org.junit.jupiter.engine.extension.TimeoutExtension","method":"interceptTestMethod","file":"TimeoutExtension.java","line":84},{"class":"org.junit.jupiter.engine.execution.ExecutableInvoker$ReflectiveInterceptorCall","method":"lambda$ofVoidMethod$0","file":"ExecutableInvoker.java","line":115},{"class":"org.junit.jupiter.engine.execution.ExecutableInvoker","method":"lambda$invoke$0","file":"ExecutableInvoker.java","line":105},{"class":"org.junit.jupiter.engine.execution.InvocationInterceptorChain$InterceptedInvocation","method":"proceed","file":"InvocationInterceptorChain.java","line":106},{"class":"org.junit.jupiter.engine.execution.InvocationInterceptorChain","method":"proceed","file":"InvocationInterceptorChain.java","line":64},{"class":"org.junit.jupiter.engine.execution.InvocationInterceptorChain","method":"chainAndInvoke","file":"InvocationInterceptorChain.java","line":45},{"class":"org.junit.jupiter.engine.execution.InvocationInterceptorChain","method":"invoke","file":"InvocationInterceptorChain.java","line":37},{"class":"org.junit.jupiter.engine.execution.ExecutableInvoker","method":"invoke","file":"ExecutableInvoker.java","line":104},{"class":"org.junit.jupiter.engine.execution.ExecutableInvoker","method":"invoke","file":"ExecutableInvoker.java","line":98},{"class":"org.junit.jupiter.engine.descriptor.TestMethodTestDescriptor","method":"lambda$invokeTestMethod$7","file":"TestMethodTestDescriptor.java","line":214},{"class":"org.junit.platform.engine.support.hierarchical.ThrowableCollector","method":"execute","file":"ThrowableCollector.java","line":73},{"class":"org.junit.jupiter.engine.descriptor.TestMethodTestDescriptor","method":"invokeTestMethod","file":"TestMethodTestDescriptor.java","line":210},{"class":"org.junit.jupiter.engine.descriptor.TestMethodTestDescriptor","method":"execute","file":"TestMethodTestDescriptor.java","line":135},{"class":"org.junit.jupiter.engine.descriptor.TestMethodTestDescriptor","method":"execute","file":"TestMethodTestDescriptor.java","line":66},{"class":"org.junit.platform.engine.support.hierarchical.NodeTestTask","method":"lambda$executeRecursively$6","file":"NodeTestTask.java","line":151},{"class":"org.junit.platform.engine.support.hierarchical.ThrowableCollector","method":"execute","file":"ThrowableCollector.java","line":73},{"class":"org.junit.platform.engine.support.hierarchical.NodeTestTask","method":"lambda$executeRecursively$8","file":"NodeTestTask.java","line":141},{"class":"org.junit.platform.engine.support.hierarchical.Node","method":"around","file":"Node.java","line":137},{"class":"org.junit.platform.engine.support.hierarchical.NodeTestTask","method":"lambda$executeRecursively$9","file":"NodeTestTask.java","line":139},{"class":"org.junit.platform.engine.support.hierarchical.ThrowableCollector","method":"execute","file":"ThrowableCollector.java","line":73},{"class":"org.junit.platform.engine.support.hierarchical.NodeTestTask","method":"executeRecursively","file":"NodeTestTask.java","line":138},{"class":"org.junit.platform.engine.support.hierarchical.NodeTestTask","method":"execute","file":"NodeTestTask.java","line":95},{"class":"java.util.ArrayList","method":"forEach","file":"ArrayList.java","line":1541},{"class":"org.junit.platform.engine.support.hierarchical.SameThreadHierarchicalTestExecutorService","method":"invokeAll","file":"SameThreadHierarchicalTestExecutorService.java","line":41},{"class":"org.junit.platform.engine.support.hierarchical.NodeTestTask","method":"lambda$executeRecursively$6","file":"NodeTestTask.java","line":155},{"class":"org.junit.platform.engine.support.hierarchical.ThrowableCollector","method":"execute","file":"ThrowableCollector.java","line":73},{"class":"org.junit.platform.engine.support.hierarchical.NodeTestTask","method":"lambda$executeRecursively$8","file":"NodeTestTask.java","line":141},{"class":"org.junit.platform.engine.support.hierarchical.Node","method":"around","file":"Node.java","line":137},{"class":"org.junit.platform.engine.support.hierarchical.NodeTestTask","method":"lambda$executeRecursively$9","file":"NodeTestTask.java","line":139},{"class":"org.junit.platform.engine.support.hierarchical.ThrowableCollector","method":"execute","file":"ThrowableCollector.java","line":73},{"class":"org.junit.platform.engine.support.hierarchical.NodeTestTask","method":"executeRecursively","file":"NodeTestTask.java","line":138},{"class":"org.junit.platform.engine.support.hierarchical.NodeTestTask","method":"execute","file":"NodeTestTask.java","line":95},{"class":"java.util.ArrayList","method":"forEach","file":"ArrayList.java","line":1541},{"class":"org.junit.platform.engine.support.hierarchical.SameThreadHierarchicalTestExecutorService","method":"invokeAll","file":"SameThreadHierarchicalTestExecutorService.java","line":41},{"class":"org.junit.platform.engine.support.hierarchical.NodeTestTask","method":"lambda$executeRecursively$6","file":"NodeTestTask.java","line":155},{"class":"org.junit.platform.engine.support.hierarchical.ThrowableCollector","method":"execute","file":"ThrowableCollector.java","line":73},{"class":"org.junit.platform.engine.support.hierarchical.NodeTestTask","method":"lambda$executeRecursively$8","file":"NodeTestTask.java","line":141},{"class":"org.junit.platform.engine.support.hierarchical.Node","method":"around","file":"Node.java","line":137},{"class":"org.junit.platform.engine.support.hierarchical.NodeTestTask","method":"lambda$executeRecursively$9","file":"NodeTestTask.java","line":139},{"class":"org.junit.platform.engine.support.hierarchical.ThrowableCollector","method":"execute","file":"ThrowableCollector.java","line":73},{"class":"org.junit.platform.engine.support.hierarchical.NodeTestTask","method":"executeRecursively","file":"NodeTestTask.java","line":138},{"class":"org.junit.platform.engine.support.hierarchical.NodeTestTask","method":"execute","file":"NodeTestTask.java","line":95},{"class":"org.junit.platform.engine.support.hierarchical.SameThreadHierarchicalTestExecutorService","method":"submit","file":"SameThreadHierarchicalTestExecutorService.java","line":35},{"class":"org.junit.platform.engine.support.hierarchical.HierarchicalTestExecutor","method":"execute","file":"HierarchicalTestExecutor.java","line":57},{"class":"org.junit.platform.engine.support.hierarchical.HierarchicalTestEngine","method":"execute","file":"HierarchicalTestEngine.java","line":54},{"class":"org.junit.platform.launcher.core.EngineExecutionOrchestrator","method":"execute","file":"EngineExecutionOrchestrator.java","line":108},{"class":"org.junit.platform.launcher.core.EngineExecutionOrchestrator","method":"execute","file":"EngineExecutionOrchestrator.java","line":88},{"class":"org.junit.platform.launcher.core.EngineExecutionOrchestrator","method":"lambda$execute$0","file":"EngineExecutionOrchestrator.java","line":54},{"class":"org.junit.platform.launcher.core.EngineExecutionOrchestrator","method":"withInterceptedStreams","file":"EngineExecutionOrchestrator.java","line":67},{"class":"org.junit.platform.launcher.core.EngineExecutionOrchestrator","method":"execute","file":"EngineExecutionOrchestrator.java","line":52},{"class":"org.junit.platform.launcher.core.DefaultLauncher","method":"execute","file":"DefaultLauncher.java","line":96},{"class":"org.junit.platform.launcher.core.DefaultLauncher","method":"execute","file":"DefaultLauncher.java","line":75},{"class":"org.gradle.api.internal.tasks.testing.junitplatform.JUnitPlatformTestClassProcessor$CollectAllTestClassesExecutor","method":"processAllTestClasses","file":"JUnitPlatformTestClassProcessor.java","line":99},{"class":"org.gradle.api.internal.tasks.testing.junitplatform.JUnitPlatformTestClassProcessor$CollectAllTestClassesExecutor","method":"access$000","file":"JUnitPlatformTestClassProcessor.java","line":79},{"class":"org.gradle.api.internal.tasks.testing.junitplatform.JUnitPlatformTestClassProcessor","method":"stop","file":"JUnitPlatformTestClassProcessor.java","line":75},{"class":"org.gradle.api.internal.tasks.testing.SuiteTestClassProcessor","method":"stop","file":"SuiteTestClassProcessor.java","line":61},{"class":"jdk.internal.reflect.NativeMethodAccessorImpl","method":"invoke0","file":"NativeMethodAccessorImpl.java","line":-2},{"class":"jdk.internal.reflect.NativeMethodAccessorImpl","method":"invoke","file":"NativeMethodAccessorImpl.java","line":62},{"class":"jdk.internal.reflect.DelegatingMethodAccessorImpl","method":"invoke","file":"DelegatingMethodAccessorImpl.java","line":43},{"class":"java.lang.reflect.Method","method":"invoke","file":"Method.java","line":566},{"class":"org.gradle.internal.dispatch.ReflectionDispatch","method":"dispatch","file":"ReflectionDispatch.java","line":36},{"class":"org.gradle.internal.dispatch.ReflectionDispatch","method":"dispatch","file":"ReflectionDispatch.java","line":24},{"class":"org.gradle.internal.dispatch.ContextClassLoaderDispatch","method":"dispatch","file":"ContextClassLoaderDispatch.java","line":33},{"class":"org.gradle.internal.dispatch.ProxyDispatchAdapter$DispatchingInvocationHandler","method":"invoke","file":"ProxyDispatchAdapter.java","line":94},{"class":"com.sun.proxy.$Proxy5","method":"stop","file":null,"line":-1},{"class":"org.gradle.api.internal.tasks.testing.worker.TestWorker$3","method":"run","file":"TestWorker.java","line":193},{"class":"org.gradle.api.internal.tasks.testing.worker.TestWorker","method":"executeAndMaintainThreadName","file":"TestWorker.java","line":129},{"class":"org.gradle.api.internal.tasks.testing.worker.TestWorker","method":"execute","file":"TestWorker.java","line":100},{"class":"org.gradle.api.internal.tasks.testing.worker.TestWorker","method":"execute","file":"TestWorker.java","line":60},{"class":"org.gradle.process.internal.worker.child.ActionExecutionWorker","method":"execute","file":"ActionExecutionWorker.java","line":56},{"class":"org.gradle.process.internal.worker.child.SystemApplicationClassLoaderWorker","method":"call","file":"SystemApplicationClassLoaderWorker.java","line":133},{"class":"org.gradle.process.internal.worker.child.SystemApplicationClassLoaderWorker","method":"call","file":"SystemApplicationClassLoaderWorker.java","line":71},{"class":"worker.org.gradle.process.internal.worker.GradleWorkerMain","method":"run","file":"GradleWorkerMain.java","line":69},{"class":"worker.org.gradle.process.internal.worker.GradleWorkerMain","method":"main","file":"GradleWorkerMain.java","line":74}]},"endOfBatch":false,"loggerFqcn":"org.apache.logging.slf4j.Log4jLogger","threadId":1,"threadPriority":5}
]]></system-out>
  <system-err><![CDATA[]]></system-err>
</testsuite>
